<?xml version="1.0" encoding="UTF-8"?>
<testsuites name="Casos de Teste Venda" time="119" tests="3" failures="0" errors="0">
   <testsuite name="Casos de Teste Venda" tests="3" failures="0" errors="0" time="119" timestamp="2019-01-17 11:56:30" hostname="Wander - DESKTOP-F94FUJP" id="Test Suites/Casos de Teste Venda">
      <properties>
         <property name="deviceName" value=""/>
         <property name="devicePlatform" value=""/>
         <property name="logFolder" value="C:\\Users\\Wander\\Katalon Studio\\Projeto Gemobile\\Reports\\Casos de Teste Venda\\20190117_115620"/>
         <property name="logFiles" value="C:\\Users\\Wander\\Katalon Studio\\Projeto Gemobile\\Reports\\Casos de Teste Venda\\20190117_115620\\execution0.log"/>
         <property name="attachments" value=""/>
         <property name="hostName" value="Wander - DESKTOP-F94FUJP"/>
         <property name="os" value="Windows 10 64bit"/>
         <property name="katalonVersion" value="5.10.1.1"/>
         <property name="browser" value="Chrome 71.0.3578.98"/>
         <property name="hostAddress" value="10.0.75.1"/>
         <property name="sessionId" value="cd4b4bc50c4d62a7448b30f7821b0a5e"/>
         <property name="seleniumVersion" value="3.7.1"/>
         <property name="proxyInformation" value="ProxyInformation{proxyOption=NO_PROXY, proxyServerType=HTTP, password=, proxyServerAddress=, proxyServerPort=0}"/>
         <property name="platform" value="Windows 10"/>
      </properties>
      <testcase name="Test Cases/Teste Venda/Teste_Cad_Venda_Menu" classname="Test Cases/Teste Venda/Teste_Cad_Venda_Menu" status="PASSED">
         <system-out><![CDATA[2019-01-17 11:56:31 - [TEST_CASE][PASSED] - Test Cases/Teste Venda/Teste_Cad_Venda_Menu: Test Cases/Teste Venda/Teste_Cad_Venda_Menu

2019-01-17 11:56:31 - [TEST_STEP][PASSED] - callTestCase(findTestCase("Teste Tela de Login/Teste Login Valido"), [:], STOP_ON_FAILURE): Call Test Case 'Test Cases/Teste Tela de Login/Teste Login Valido' successfully

2019-01-17 11:56:32 - [TEST_CASE][PASSED] - Test Cases/Teste Tela de Login/Teste Login Valido: Test Cases/Teste Tela de Login/Teste Login Valido

2019-01-17 11:56:32 - [TEST_STEP][PASSED] - openBrowser(""): Browser is opened with url: ''

2019-01-17 11:56:32 - [MESSAGE][INFO] - Starting 'Chrome' driver

2019-01-17 11:56:33 - [MESSAGE][INFO] - Action delay is set to 0 seconds

2019-01-17 11:56:37 - [MESSAGE][PASSED] - Browser is opened with url: ''

2019-01-17 11:56:37 - [TEST_STEP][PASSED] - navigateToUrl("https://gemobile-beta.before.com.br/app/"): Navigate to 'https://gemobile-beta.before.com.br/app/' successfully

2019-01-17 11:56:46 - [MESSAGE][PASSED] - Navigate to 'https://gemobile-beta.before.com.br/app/' successfully

2019-01-17 11:56:46 - [TEST_STEP][PASSED] - maximizeWindow(): Current window maximized

2019-01-17 11:56:47 - [MESSAGE][PASSED] - Current window maximized

2019-01-17 11:56:47 - [TEST_STEP][PASSED] - waitForElementPresent(findTestObject("Page_Gemobile_TelaLogin/FormLoginSenha"), 30): Object 'Object Repository/Page_Gemobile_TelaLogin/FormLoginSenha' is present

2019-01-17 11:56:47 - [MESSAGE][PASSED] - Object 'Object Repository/Page_Gemobile_TelaLogin/FormLoginSenha' is present

2019-01-17 11:56:47 - [TEST_STEP][PASSED] - setText(findTestObject("Page_Gemobile_TelaLogin/SetCampoLogin"), "proprietário.open"): Text 'proprietário.open' is set on object 'Object Repository/Page_Gemobile_TelaLogin/SetCampoLogin'

2019-01-17 11:56:48 - [MESSAGE][PASSED] - Text 'proprietário.open' is set on object 'Object Repository/Page_Gemobile_TelaLogin/SetCampoLogin'

2019-01-17 11:56:48 - [TEST_STEP][PASSED] - setText(findTestObject("Page_Gemobile_TelaLogin/SetCampoSenha"), "venus2018"): Text 'venus2018' is set on object 'Object Repository/Page_Gemobile_TelaLogin/SetCampoSenha'

2019-01-17 11:56:48 - [MESSAGE][PASSED] - Text 'venus2018' is set on object 'Object Repository/Page_Gemobile_TelaLogin/SetCampoSenha'

2019-01-17 11:56:48 - [TEST_STEP][PASSED] - click(findTestObject("Page_Gemobile_TelaLogin/Bt_Entrar")): Object: 'Object Repository/Page_Gemobile_TelaLogin/Bt_Entrar' is clicked on

2019-01-17 11:56:48 - [MESSAGE][PASSED] - Object: 'Object Repository/Page_Gemobile_TelaLogin/Bt_Entrar' is clicked on

2019-01-17 11:56:48 - [TEST_STEP][PASSED] - waitForElementPresent(findTestObject("Page_Gemobile_TelaLogin/imgLogoTelaInicial"), 5): Object 'Object Repository/Page_Gemobile_TelaLogin/imgLogoTelaInicial' is present

2019-01-17 11:56:55 - [MESSAGE][PASSED] - Object 'Object Repository/Page_Gemobile_TelaLogin/imgLogoTelaInicial' is present

2019-01-17 11:56:55 - [MESSAGE][PASSED] - Call Test Case 'Test Cases/Teste Tela de Login/Teste Login Valido' successfully

2019-01-17 11:56:55 - [TEST_STEP][PASSED] - click(findTestObject("Page_Gemobile_Venda/Page Cancelar Venda/MenuVenda")): Object: 'Object Repository/Page_Gemobile_Venda/Page Cancelar Venda/MenuVenda' is clicked on

2019-01-17 11:56:55 - [MESSAGE][PASSED] - Object: 'Object Repository/Page_Gemobile_Venda/Page Cancelar Venda/MenuVenda' is clicked on

2019-01-17 11:56:55 - [TEST_STEP][PASSED] - click(findTestObject("Page_Gemobile_Venda/Page VendaMenu_VendaBotao/SubMenuVenda")): Object: 'Object Repository/Page_Gemobile_Venda/Page VendaMenu_VendaBotao/SubMenuVenda' is clicked on

2019-01-17 11:56:56 - [MESSAGE][PASSED] - Object: 'Object Repository/Page_Gemobile_Venda/Page VendaMenu_VendaBotao/SubMenuVenda' is clicked on

2019-01-17 11:56:56 - [TEST_STEP][PASSED] - click(findTestObject("Page_Gemobile_Venda/Page Cancelar Venda/Op_Venda")): Object: 'Object Repository/Page_Gemobile_Venda/Page Cancelar Venda/Op_Venda' is clicked on

2019-01-17 11:56:56 - [MESSAGE][PASSED] - Object: 'Object Repository/Page_Gemobile_Venda/Page Cancelar Venda/Op_Venda' is clicked on

2019-01-17 11:56:56 - [TEST_STEP][PASSED] - click(findTestObject("Page_Gemobile_Venda/Page VendaMenu_VendaBotao/InserirNovaVenda")): Object: 'Object Repository/Page_Gemobile_Venda/Page VendaMenu_VendaBotao/InserirNovaVenda' is clicked on

2019-01-17 11:56:56 - [MESSAGE][PASSED] - Object: 'Object Repository/Page_Gemobile_Venda/Page VendaMenu_VendaBotao/InserirNovaVenda' is clicked on

2019-01-17 11:56:56 - [TEST_STEP][PASSED] - waitForElementVisible(findTestObject("Page_Gemobile_Venda/Page VendaMenu_VendaBotao/FormCadastro"), 0): Object 'Object Repository/Page_Gemobile_Venda/Page VendaMenu_VendaBotao/FormCadastro' is visible

2019-01-17 11:56:56 - [MESSAGE][WARNING] - Timeout '0' is invalid. Using default page load timeout: '30'

2019-01-17 11:56:57 - [MESSAGE][PASSED] - Object 'Object Repository/Page_Gemobile_Venda/Page VendaMenu_VendaBotao/FormCadastro' is visible

2019-01-17 11:56:57 - [TEST_STEP][PASSED] - selectOptionByValue(findTestObject("Page_Gemobile_Venda/Page VendaMenu_VendaBotao/Select_EscolhaFilial"), "39", false): All options with value '39' are selected in object 'Object Repository/Page_Gemobile_Venda/Page VendaMenu_VendaBotao/Select_EscolhaFilial' 

2019-01-17 11:56:57 - [MESSAGE][PASSED] - All options with value '39' are selected in object 'Object Repository/Page_Gemobile_Venda/Page VendaMenu_VendaBotao/Select_EscolhaFilial' 

2019-01-17 11:56:57 - [TEST_STEP][PASSED] - delay(1): Delayed 1 second(s)

2019-01-17 11:56:58 - [MESSAGE][PASSED] - Delayed 1 second(s)

2019-01-17 11:56:58 - [TEST_STEP][PASSED] - selectOptionByValue(findTestObject("Page_Gemobile_Venda/Page VendaMenu_VendaBotao/Select_Escolha...Caixa"), "1", false): All options with value '1' are selected in object 'Object Repository/Page_Gemobile_Venda/Page VendaMenu_VendaBotao/Select_Escolha...Caixa' 

2019-01-17 11:56:59 - [MESSAGE][PASSED] - All options with value '1' are selected in object 'Object Repository/Page_Gemobile_Venda/Page VendaMenu_VendaBotao/Select_Escolha...Caixa' 

2019-01-17 11:56:59 - [TEST_STEP][PASSED] - click(findTestObject("Page_Gemobile_Venda/Page VendaMenu_VendaBotao/Bt_AvancaCad")): Object: 'Object Repository/Page_Gemobile_Venda/Page VendaMenu_VendaBotao/Bt_AvancaCad' is clicked on

2019-01-17 11:56:59 - [MESSAGE][PASSED] - Object: 'Object Repository/Page_Gemobile_Venda/Page VendaMenu_VendaBotao/Bt_AvancaCad' is clicked on

2019-01-17 11:56:59 - [TEST_STEP][PASSED] - waitForElementPresent(findTestObject("Page_Gemobile_Venda/Page VendaMenu_VendaBotao/SelecionarOpDeCliente"), 0): Object 'Object Repository/Page_Gemobile_Venda/Page VendaMenu_VendaBotao/SelecionarOpDeCliente' is present

2019-01-17 11:56:59 - [MESSAGE][WARNING] - Timeout '0' is invalid. Using default page load timeout: '30'

2019-01-17 11:56:59 - [MESSAGE][PASSED] - Object 'Object Repository/Page_Gemobile_Venda/Page VendaMenu_VendaBotao/SelecionarOpDeCliente' is present

2019-01-17 11:56:59 - [TEST_STEP][PASSED] - click(findTestObject("Page_Gemobile_Venda/Page VendaMenu_VendaBotao/SelecionaCelular")): Object: 'Object Repository/Page_Gemobile_Venda/Page VendaMenu_VendaBotao/SelecionaCelular' is clicked on

2019-01-17 11:56:59 - [MESSAGE][PASSED] - Object: 'Object Repository/Page_Gemobile_Venda/Page VendaMenu_VendaBotao/SelecionaCelular' is clicked on

2019-01-17 11:56:59 - [TEST_STEP][PASSED] - setText(findTestObject("Page_Gemobile_Venda/Page VendaMenu_VendaBotao/SetCampoCelular"), "0000"): Text '0000' is set on object 'Object Repository/Page_Gemobile_Venda/Page VendaMenu_VendaBotao/SetCampoCelular'

2019-01-17 11:56:59 - [MESSAGE][PASSED] - Text '0000' is set on object 'Object Repository/Page_Gemobile_Venda/Page VendaMenu_VendaBotao/SetCampoCelular'

2019-01-17 11:56:59 - [TEST_STEP][PASSED] - delay(2, STOP_ON_FAILURE): Delayed 2 second(s)

2019-01-17 11:57:01 - [MESSAGE][PASSED] - Delayed 2 second(s)

2019-01-17 11:57:01 - [TEST_STEP][PASSED] - click(findTestObject("Page_Gemobile_Venda/Page VendaMenu_VendaBotao/li_00 00000-0000 - Teste Katal")): Object: 'Object Repository/Page_Gemobile_Venda/Page VendaMenu_VendaBotao/li_00 00000-0000 - Teste Katal' is clicked on

2019-01-17 11:57:01 - [MESSAGE][PASSED] - Object: 'Object Repository/Page_Gemobile_Venda/Page VendaMenu_VendaBotao/li_00 00000-0000 - Teste Katal' is clicked on

2019-01-17 11:57:01 - [TEST_STEP][PASSED] - click(findTestObject("Page_Gemobile_Venda/Page VendaMenu_VendaBotao/FormClienteClick")): Object: 'Object Repository/Page_Gemobile_Venda/Page VendaMenu_VendaBotao/FormClienteClick' is clicked on

2019-01-17 11:57:02 - [MESSAGE][PASSED] - Object: 'Object Repository/Page_Gemobile_Venda/Page VendaMenu_VendaBotao/FormClienteClick' is clicked on

2019-01-17 11:57:02 - [TEST_STEP][PASSED] - delay(1): Delayed 1 second(s)

2019-01-17 11:57:03 - [MESSAGE][PASSED] - Delayed 1 second(s)

2019-01-17 11:57:03 - [TEST_STEP][PASSED] - click(findTestObject("Page_Gemobile_Venda/Page VendaMenu_VendaBotao/Bt_AvancaCad")): Object: 'Object Repository/Page_Gemobile_Venda/Page VendaMenu_VendaBotao/Bt_AvancaCad' is clicked on

2019-01-17 11:57:03 - [MESSAGE][PASSED] - Object: 'Object Repository/Page_Gemobile_Venda/Page VendaMenu_VendaBotao/Bt_AvancaCad' is clicked on

2019-01-17 11:57:03 - [TEST_STEP][PASSED] - delay(1): Delayed 1 second(s)

2019-01-17 11:57:04 - [MESSAGE][PASSED] - Delayed 1 second(s)

2019-01-17 11:57:04 - [TEST_STEP][PASSED] - click(findTestObject("Page_Gemobile_Venda/Page VendaMenu_VendaBotao/OpProduto")): Object: 'Object Repository/Page_Gemobile_Venda/Page VendaMenu_VendaBotao/OpProduto' is clicked on

2019-01-17 11:57:04 - [MESSAGE][PASSED] - Object: 'Object Repository/Page_Gemobile_Venda/Page VendaMenu_VendaBotao/OpProduto' is clicked on

2019-01-17 11:57:04 - [TEST_STEP][PASSED] - click(findTestObject("Page_Gemobile_Venda/Page VendaMenu_VendaBotao/OpProdPorModelo")): Object: 'Object Repository/Page_Gemobile_Venda/Page VendaMenu_VendaBotao/OpProdPorModelo' is clicked on

2019-01-17 11:57:04 - [MESSAGE][PASSED] - Object: 'Object Repository/Page_Gemobile_Venda/Page VendaMenu_VendaBotao/OpProdPorModelo' is clicked on

2019-01-17 11:57:04 - [TEST_STEP][PASSED] - setText(findTestObject("Page_Gemobile_Venda/Page VendaMenu_VendaBotao/SetCampoModelo"), "XT171"): Text 'XT171' is set on object 'Object Repository/Page_Gemobile_Venda/Page VendaMenu_VendaBotao/SetCampoModelo'

2019-01-17 11:57:05 - [MESSAGE][PASSED] - Text 'XT171' is set on object 'Object Repository/Page_Gemobile_Venda/Page VendaMenu_VendaBotao/SetCampoModelo'

2019-01-17 11:57:05 - [TEST_STEP][PASSED] - delay(2, STOP_ON_FAILURE): Delayed 2 second(s)

2019-01-17 11:57:07 - [MESSAGE][PASSED] - Delayed 2 second(s)

2019-01-17 11:57:07 - [TEST_STEP][PASSED] - click(findTestObject("Page_Gemobile_Venda/Page VendaMenu_VendaBotao/li_Teste XT1710 Branco MOTOROL1")): Object: 'Object Repository/Page_Gemobile_Venda/Page VendaMenu_VendaBotao/li_Teste XT1710 Branco MOTOROL1' is clicked on

2019-01-17 11:57:07 - [MESSAGE][PASSED] - Object: 'Object Repository/Page_Gemobile_Venda/Page VendaMenu_VendaBotao/li_Teste XT1710 Branco MOTOROL1' is clicked on

2019-01-17 11:57:07 - [TEST_STEP][PASSED] - click(findTestObject("Page_Gemobile_Venda/Page VendaMenu_VendaBotao/Bt_Buscar")): Object: 'Object Repository/Page_Gemobile_Venda/Page VendaMenu_VendaBotao/Bt_Buscar' is clicked on

2019-01-17 11:57:07 - [MESSAGE][PASSED] - Object: 'Object Repository/Page_Gemobile_Venda/Page VendaMenu_VendaBotao/Bt_Buscar' is clicked on

2019-01-17 11:57:07 - [TEST_STEP][PASSED] - waitForElementPresent(findTestObject("Page_Gemobile_Venda/Page VendaMenu_VendaBotao/imgConfirmar"), 0): Object 'Object Repository/Page_Gemobile_Venda/Page VendaMenu_VendaBotao/imgConfirmar' is present

2019-01-17 11:57:07 - [MESSAGE][WARNING] - Timeout '0' is invalid. Using default page load timeout: '30'

2019-01-17 11:57:09 - [MESSAGE][PASSED] - Object 'Object Repository/Page_Gemobile_Venda/Page VendaMenu_VendaBotao/imgConfirmar' is present

2019-01-17 11:57:09 - [TEST_STEP][PASSED] - click(findTestObject("Page_Gemobile_Venda/Page VendaMenu_VendaBotao/imgConfirmar")): Object: 'Object Repository/Page_Gemobile_Venda/Page VendaMenu_VendaBotao/imgConfirmar' is clicked on

2019-01-17 11:57:09 - [MESSAGE][PASSED] - Object: 'Object Repository/Page_Gemobile_Venda/Page VendaMenu_VendaBotao/imgConfirmar' is clicked on

2019-01-17 11:57:09 - [TEST_STEP][PASSED] - acceptAlert(): Alert accepted

2019-01-17 11:57:09 - [MESSAGE][PASSED] - Alert accepted

2019-01-17 11:57:09 - [TEST_STEP][PASSED] - delay(2): Delayed 2 second(s)

2019-01-17 11:57:11 - [MESSAGE][PASSED] - Delayed 2 second(s)

2019-01-17 11:57:11 - [TEST_STEP][PASSED] - click(findTestObject("Page_Gemobile_Venda/Page VendaMenu_VendaBotao/Bt_SalvaProduto")): Object: 'Object Repository/Page_Gemobile_Venda/Page VendaMenu_VendaBotao/Bt_SalvaProduto' is clicked on

2019-01-17 11:57:11 - [MESSAGE][PASSED] - Object: 'Object Repository/Page_Gemobile_Venda/Page VendaMenu_VendaBotao/Bt_SalvaProduto' is clicked on

2019-01-17 11:57:11 - [TEST_STEP][PASSED] - delay(1): Delayed 1 second(s)

2019-01-17 11:57:12 - [MESSAGE][PASSED] - Delayed 1 second(s)

2019-01-17 11:57:12 - [TEST_STEP][PASSED] - click(findTestObject("Page_Gemobile_Venda/Page VendaMenu_VendaBotao/Bt_AvancaCad")): Object: 'Object Repository/Page_Gemobile_Venda/Page VendaMenu_VendaBotao/Bt_AvancaCad' is clicked on

2019-01-17 11:57:12 - [MESSAGE][PASSED] - Object: 'Object Repository/Page_Gemobile_Venda/Page VendaMenu_VendaBotao/Bt_AvancaCad' is clicked on

2019-01-17 11:57:12 - [TEST_STEP][PASSED] - waitForElementPresent(findTestObject("Page_Gemobile_Venda/Page VendaMenu_VendaBotao/ModalPagamento"), 0): Object 'Object Repository/Page_Gemobile_Venda/Page VendaMenu_VendaBotao/ModalPagamento' is present

2019-01-17 11:57:12 - [MESSAGE][WARNING] - Timeout '0' is invalid. Using default page load timeout: '30'

2019-01-17 11:57:12 - [MESSAGE][PASSED] - Object 'Object Repository/Page_Gemobile_Venda/Page VendaMenu_VendaBotao/ModalPagamento' is present

2019-01-17 11:57:12 - [TEST_STEP][PASSED] - click(findTestObject("Page_Gemobile_Venda/Page VendaMenu_VendaBotao/OpPag_Dinheiro")): Object: 'Object Repository/Page_Gemobile_Venda/Page VendaMenu_VendaBotao/OpPag_Dinheiro' is clicked on

2019-01-17 11:57:12 - [MESSAGE][PASSED] - Object: 'Object Repository/Page_Gemobile_Venda/Page VendaMenu_VendaBotao/OpPag_Dinheiro' is clicked on

2019-01-17 11:57:12 - [TEST_STEP][PASSED] - click(findTestObject("Page_Gemobile_Venda/Page VendaMenu_VendaBotao/Bt_AddPag")): Object: 'Object Repository/Page_Gemobile_Venda/Page VendaMenu_VendaBotao/Bt_AddPag' is clicked on

2019-01-17 11:57:13 - [MESSAGE][PASSED] - Object: 'Object Repository/Page_Gemobile_Venda/Page VendaMenu_VendaBotao/Bt_AddPag' is clicked on

2019-01-17 11:57:13 - [TEST_STEP][PASSED] - click(findTestObject("Page_Gemobile_Venda/Page VendaMenu_VendaBotao/Bt_SalvarPag")): Object: 'Object Repository/Page_Gemobile_Venda/Page VendaMenu_VendaBotao/Bt_SalvarPag' is clicked on

2019-01-17 11:57:13 - [MESSAGE][PASSED] - Object: 'Object Repository/Page_Gemobile_Venda/Page VendaMenu_VendaBotao/Bt_SalvarPag' is clicked on

2019-01-17 11:57:13 - [TEST_STEP][PASSED] - waitForAlert(1): No alert found after 1 second(s).

2019-01-17 11:57:14 - [MESSAGE][WARNING] - No alert found after 1 second(s).

2019-01-17 11:57:14 - [TEST_STEP][PASSED] - click(findTestObject("Page_Gemobile_Venda/Page VendaMenu_VendaBotao/Fechar_Alert"), STOP_ON_FAILURE): Object: 'Object Repository/Page_Gemobile_Venda/Page VendaMenu_VendaBotao/Fechar_Alert' is clicked on

2019-01-17 11:57:14 - [MESSAGE][PASSED] - Object: 'Object Repository/Page_Gemobile_Venda/Page VendaMenu_VendaBotao/Fechar_Alert' is clicked on

2019-01-17 11:57:14 - [TEST_STEP][PASSED] - setText(findTestObject("Page_Gemobile_TelaLogin/SetCampoLogin"), "proprietário.open"): Text 'proprietário.open' is set on object 'Object Repository/Page_Gemobile_TelaLogin/SetCampoLogin'

2019-01-17 11:57:15 - [MESSAGE][PASSED] - Text 'proprietário.open' is set on object 'Object Repository/Page_Gemobile_TelaLogin/SetCampoLogin'

2019-01-17 11:57:15 - [TEST_STEP][PASSED] - setText(findTestObject("Page_Gemobile_TelaLogin/SetCampoSenha"), "venus2018"): Text 'venus2018' is set on object 'Object Repository/Page_Gemobile_TelaLogin/SetCampoSenha'

2019-01-17 11:57:15 - [MESSAGE][PASSED] - Text 'venus2018' is set on object 'Object Repository/Page_Gemobile_TelaLogin/SetCampoSenha'

2019-01-17 11:57:15 - [TEST_STEP][PASSED] - click(findTestObject("Page_Gemobile_Venda/Page VendaMenu_VendaBotao/Bt_SalvarAuten")): Object: 'Object Repository/Page_Gemobile_Venda/Page VendaMenu_VendaBotao/Bt_SalvarAuten' is clicked on

2019-01-17 11:57:15 - [MESSAGE][PASSED] - Object: 'Object Repository/Page_Gemobile_Venda/Page VendaMenu_VendaBotao/Bt_SalvarAuten' is clicked on

2019-01-17 11:57:15 - [TEST_STEP][PASSED] - click(findTestObject("Page_Gemobile_Venda/Page VendaMenu_VendaBotao/Bt_SalvarPag")): Object: 'Object Repository/Page_Gemobile_Venda/Page VendaMenu_VendaBotao/Bt_SalvarPag' is clicked on

2019-01-17 11:57:15 - [MESSAGE][PASSED] - Object: 'Object Repository/Page_Gemobile_Venda/Page VendaMenu_VendaBotao/Bt_SalvarPag' is clicked on

2019-01-17 11:57:15 - [TEST_STEP][PASSED] - verifyElementPresent(findTestObject("Page_Gemobile_Venda/Page VendaMenu_VendaBotao/Alert_VendaInseridaComSucesso"), 0): Object 'Object Repository/Page_Gemobile_Venda/Page VendaMenu_VendaBotao/Alert_VendaInseridaComSucesso' is present

2019-01-17 11:57:15 - [MESSAGE][WARNING] - Timeout '0' is invalid. Using default page load timeout: '30'

2019-01-17 11:57:15 - [MESSAGE][PASSED] - Object 'Object Repository/Page_Gemobile_Venda/Page VendaMenu_VendaBotao/Alert_VendaInseridaComSucesso' is present]]></system-out>
         <system-err><![CDATA[]]></system-err>
      </testcase>
      <testcase name="Test Cases/Teste Venda/Teste_Cancelar_Venda" classname="Test Cases/Teste Venda/Teste_Cancelar_Venda" status="PASSED">
         <system-out><![CDATA[2019-01-17 11:57:15 - [TEST_CASE][PASSED] - Test Cases/Teste Venda/Teste_Cancelar_Venda: Test Cases/Teste Venda/Teste_Cancelar_Venda

2019-01-17 11:57:16 - [TEST_STEP][PASSED] - callTestCase(findTestCase("Teste Venda/Teste_Venda_BotaoVenda"), [:], STOP_ON_FAILURE): Call Test Case 'Test Cases/Teste Venda/Teste_Venda_BotaoVenda' successfully

2019-01-17 11:57:16 - [TEST_CASE][PASSED] - Test Cases/Teste Venda/Teste_Venda_BotaoVenda: Test Cases/Teste Venda/Teste_Venda_BotaoVenda

2019-01-17 11:57:16 - [TEST_STEP][PASSED] - callTestCase(findTestCase("Teste Tela de Login/Teste Login Valido"), [:], STOP_ON_FAILURE): Call Test Case 'Test Cases/Teste Tela de Login/Teste Login Valido' successfully

2019-01-17 11:57:16 - [TEST_CASE][PASSED] - Test Cases/Teste Tela de Login/Teste Login Valido: Test Cases/Teste Tela de Login/Teste Login Valido

2019-01-17 11:57:16 - [TEST_STEP][PASSED] - openBrowser(""): Browser is opened with url: ''

2019-01-17 11:57:16 - [MESSAGE][WARNING] - A browser is already opened. Closing browser and opening a new one

2019-01-17 11:57:17 - [MESSAGE][INFO] - Starting 'Chrome' driver

2019-01-17 11:57:20 - [MESSAGE][PASSED] - Browser is opened with url: ''

2019-01-17 11:57:20 - [TEST_STEP][PASSED] - navigateToUrl("https://gemobile-beta.before.com.br/app/"): Navigate to 'https://gemobile-beta.before.com.br/app/' successfully

2019-01-17 11:57:22 - [MESSAGE][PASSED] - Navigate to 'https://gemobile-beta.before.com.br/app/' successfully

2019-01-17 11:57:22 - [TEST_STEP][PASSED] - maximizeWindow(): Current window maximized

2019-01-17 11:57:23 - [MESSAGE][PASSED] - Current window maximized

2019-01-17 11:57:23 - [TEST_STEP][PASSED] - waitForElementPresent(findTestObject("Page_Gemobile_TelaLogin/FormLoginSenha"), 30): Object 'Object Repository/Page_Gemobile_TelaLogin/FormLoginSenha' is present

2019-01-17 11:57:23 - [MESSAGE][PASSED] - Object 'Object Repository/Page_Gemobile_TelaLogin/FormLoginSenha' is present

2019-01-17 11:57:23 - [TEST_STEP][PASSED] - setText(findTestObject("Page_Gemobile_TelaLogin/SetCampoLogin"), "proprietário.open"): Text 'proprietário.open' is set on object 'Object Repository/Page_Gemobile_TelaLogin/SetCampoLogin'

2019-01-17 11:57:23 - [MESSAGE][PASSED] - Text 'proprietário.open' is set on object 'Object Repository/Page_Gemobile_TelaLogin/SetCampoLogin'

2019-01-17 11:57:23 - [TEST_STEP][PASSED] - setText(findTestObject("Page_Gemobile_TelaLogin/SetCampoSenha"), "venus2018"): Text 'venus2018' is set on object 'Object Repository/Page_Gemobile_TelaLogin/SetCampoSenha'

2019-01-17 11:57:23 - [MESSAGE][PASSED] - Text 'venus2018' is set on object 'Object Repository/Page_Gemobile_TelaLogin/SetCampoSenha'

2019-01-17 11:57:23 - [TEST_STEP][PASSED] - click(findTestObject("Page_Gemobile_TelaLogin/Bt_Entrar")): Object: 'Object Repository/Page_Gemobile_TelaLogin/Bt_Entrar' is clicked on

2019-01-17 11:57:24 - [MESSAGE][PASSED] - Object: 'Object Repository/Page_Gemobile_TelaLogin/Bt_Entrar' is clicked on

2019-01-17 11:57:24 - [TEST_STEP][PASSED] - waitForElementPresent(findTestObject("Page_Gemobile_TelaLogin/imgLogoTelaInicial"), 5): Object 'Object Repository/Page_Gemobile_TelaLogin/imgLogoTelaInicial' is present

2019-01-17 11:57:29 - [MESSAGE][PASSED] - Object 'Object Repository/Page_Gemobile_TelaLogin/imgLogoTelaInicial' is present

2019-01-17 11:57:29 - [MESSAGE][PASSED] - Call Test Case 'Test Cases/Teste Tela de Login/Teste Login Valido' successfully

2019-01-17 11:57:29 - [TEST_STEP][PASSED] - click(findTestObject("Page_Gemobile_Venda/Page VendaMenu_VendaBotao/Bt_RealizarVenda")): Object: 'Object Repository/Page_Gemobile_Venda/Page VendaMenu_VendaBotao/Bt_RealizarVenda' is clicked on

2019-01-17 11:57:29 - [MESSAGE][PASSED] - Object: 'Object Repository/Page_Gemobile_Venda/Page VendaMenu_VendaBotao/Bt_RealizarVenda' is clicked on

2019-01-17 11:57:29 - [TEST_STEP][PASSED] - waitForElementVisible(findTestObject("Page_Gemobile_Venda/Page VendaMenu_VendaBotao/FormCadastro"), 0): Object 'Object Repository/Page_Gemobile_Venda/Page VendaMenu_VendaBotao/FormCadastro' is visible

2019-01-17 11:57:29 - [MESSAGE][WARNING] - Timeout '0' is invalid. Using default page load timeout: '30'

2019-01-17 11:57:29 - [MESSAGE][PASSED] - Object 'Object Repository/Page_Gemobile_Venda/Page VendaMenu_VendaBotao/FormCadastro' is visible

2019-01-17 11:57:29 - [TEST_STEP][PASSED] - selectOptionByValue(findTestObject("Page_Gemobile_Venda/Page VendaMenu_VendaBotao/Select_EscolhaFilial"), "39", false): All options with value '39' are selected in object 'Object Repository/Page_Gemobile_Venda/Page VendaMenu_VendaBotao/Select_EscolhaFilial' 

2019-01-17 11:57:30 - [MESSAGE][PASSED] - All options with value '39' are selected in object 'Object Repository/Page_Gemobile_Venda/Page VendaMenu_VendaBotao/Select_EscolhaFilial' 

2019-01-17 11:57:30 - [TEST_STEP][PASSED] - delay(1): Delayed 1 second(s)

2019-01-17 11:57:31 - [MESSAGE][PASSED] - Delayed 1 second(s)

2019-01-17 11:57:31 - [TEST_STEP][PASSED] - selectOptionByValue(findTestObject("Page_Gemobile_Venda/Page VendaMenu_VendaBotao/Select_Escolha...Caixa"), "1", false): All options with value '1' are selected in object 'Object Repository/Page_Gemobile_Venda/Page VendaMenu_VendaBotao/Select_Escolha...Caixa' 

2019-01-17 11:57:32 - [MESSAGE][PASSED] - All options with value '1' are selected in object 'Object Repository/Page_Gemobile_Venda/Page VendaMenu_VendaBotao/Select_Escolha...Caixa' 

2019-01-17 11:57:32 - [TEST_STEP][PASSED] - click(findTestObject("Page_Gemobile_Venda/Page VendaMenu_VendaBotao/Bt_AvancaCad")): Object: 'Object Repository/Page_Gemobile_Venda/Page VendaMenu_VendaBotao/Bt_AvancaCad' is clicked on

2019-01-17 11:57:32 - [MESSAGE][PASSED] - Object: 'Object Repository/Page_Gemobile_Venda/Page VendaMenu_VendaBotao/Bt_AvancaCad' is clicked on

2019-01-17 11:57:32 - [TEST_STEP][PASSED] - waitForElementPresent(findTestObject("Page_Gemobile_Venda/Page VendaMenu_VendaBotao/SelecionarOpDeCliente"), 0): Object 'Object Repository/Page_Gemobile_Venda/Page VendaMenu_VendaBotao/SelecionarOpDeCliente' is present

2019-01-17 11:57:32 - [MESSAGE][WARNING] - Timeout '0' is invalid. Using default page load timeout: '30'

2019-01-17 11:57:32 - [MESSAGE][PASSED] - Object 'Object Repository/Page_Gemobile_Venda/Page VendaMenu_VendaBotao/SelecionarOpDeCliente' is present

2019-01-17 11:57:32 - [TEST_STEP][PASSED] - click(findTestObject("Page_Gemobile_Venda/Page VendaMenu_VendaBotao/SelecionaCelular")): Object: 'Object Repository/Page_Gemobile_Venda/Page VendaMenu_VendaBotao/SelecionaCelular' is clicked on

2019-01-17 11:57:32 - [MESSAGE][PASSED] - Object: 'Object Repository/Page_Gemobile_Venda/Page VendaMenu_VendaBotao/SelecionaCelular' is clicked on

2019-01-17 11:57:32 - [TEST_STEP][PASSED] - setText(findTestObject("Page_Gemobile_Venda/Page VendaMenu_VendaBotao/SetCampoCelular"), "0000"): Text '0000' is set on object 'Object Repository/Page_Gemobile_Venda/Page VendaMenu_VendaBotao/SetCampoCelular'

2019-01-17 11:57:32 - [MESSAGE][PASSED] - Text '0000' is set on object 'Object Repository/Page_Gemobile_Venda/Page VendaMenu_VendaBotao/SetCampoCelular'

2019-01-17 11:57:32 - [TEST_STEP][PASSED] - delay(2, STOP_ON_FAILURE): Delayed 2 second(s)

2019-01-17 11:57:34 - [MESSAGE][PASSED] - Delayed 2 second(s)

2019-01-17 11:57:34 - [TEST_STEP][PASSED] - click(findTestObject("Page_Gemobile_Venda/Page VendaMenu_VendaBotao/li_00 00000-0000 - Teste Katal")): Object: 'Object Repository/Page_Gemobile_Venda/Page VendaMenu_VendaBotao/li_00 00000-0000 - Teste Katal' is clicked on

2019-01-17 11:57:34 - [MESSAGE][PASSED] - Object: 'Object Repository/Page_Gemobile_Venda/Page VendaMenu_VendaBotao/li_00 00000-0000 - Teste Katal' is clicked on

2019-01-17 11:57:34 - [TEST_STEP][PASSED] - click(findTestObject("Page_Gemobile_Venda/Page VendaMenu_VendaBotao/FormClienteClick")): Object: 'Object Repository/Page_Gemobile_Venda/Page VendaMenu_VendaBotao/FormClienteClick' is clicked on

2019-01-17 11:57:35 - [MESSAGE][PASSED] - Object: 'Object Repository/Page_Gemobile_Venda/Page VendaMenu_VendaBotao/FormClienteClick' is clicked on

2019-01-17 11:57:35 - [TEST_STEP][PASSED] - delay(1): Delayed 1 second(s)

2019-01-17 11:57:36 - [MESSAGE][PASSED] - Delayed 1 second(s)

2019-01-17 11:57:36 - [TEST_STEP][PASSED] - click(findTestObject("Page_Gemobile_Venda/Page VendaMenu_VendaBotao/Bt_AvancaCad")): Object: 'Object Repository/Page_Gemobile_Venda/Page VendaMenu_VendaBotao/Bt_AvancaCad' is clicked on

2019-01-17 11:57:36 - [MESSAGE][PASSED] - Object: 'Object Repository/Page_Gemobile_Venda/Page VendaMenu_VendaBotao/Bt_AvancaCad' is clicked on

2019-01-17 11:57:36 - [TEST_STEP][PASSED] - delay(1): Delayed 1 second(s)

2019-01-17 11:57:37 - [MESSAGE][PASSED] - Delayed 1 second(s)

2019-01-17 11:57:37 - [TEST_STEP][PASSED] - click(findTestObject("Page_Gemobile_Venda/Page VendaMenu_VendaBotao/OpProduto")): Object: 'Object Repository/Page_Gemobile_Venda/Page VendaMenu_VendaBotao/OpProduto' is clicked on

2019-01-17 11:57:37 - [MESSAGE][PASSED] - Object: 'Object Repository/Page_Gemobile_Venda/Page VendaMenu_VendaBotao/OpProduto' is clicked on

2019-01-17 11:57:37 - [TEST_STEP][PASSED] - click(findTestObject("Page_Gemobile_Venda/Page VendaMenu_VendaBotao/OpProdPorModelo")): Object: 'Object Repository/Page_Gemobile_Venda/Page VendaMenu_VendaBotao/OpProdPorModelo' is clicked on

2019-01-17 11:57:37 - [MESSAGE][PASSED] - Object: 'Object Repository/Page_Gemobile_Venda/Page VendaMenu_VendaBotao/OpProdPorModelo' is clicked on

2019-01-17 11:57:37 - [TEST_STEP][PASSED] - setText(findTestObject("Page_Gemobile_Venda/Page VendaMenu_VendaBotao/SetCampoModelo"), "XT171"): Text 'XT171' is set on object 'Object Repository/Page_Gemobile_Venda/Page VendaMenu_VendaBotao/SetCampoModelo'

2019-01-17 11:57:38 - [MESSAGE][PASSED] - Text 'XT171' is set on object 'Object Repository/Page_Gemobile_Venda/Page VendaMenu_VendaBotao/SetCampoModelo'

2019-01-17 11:57:38 - [TEST_STEP][PASSED] - delay(2, STOP_ON_FAILURE): Delayed 2 second(s)

2019-01-17 11:57:40 - [MESSAGE][PASSED] - Delayed 2 second(s)

2019-01-17 11:57:40 - [TEST_STEP][PASSED] - click(findTestObject("Page_Gemobile_Venda/Page VendaMenu_VendaBotao/li_Teste XT1710 Branco MOTOROL1")): Object: 'Object Repository/Page_Gemobile_Venda/Page VendaMenu_VendaBotao/li_Teste XT1710 Branco MOTOROL1' is clicked on

2019-01-17 11:57:40 - [MESSAGE][PASSED] - Object: 'Object Repository/Page_Gemobile_Venda/Page VendaMenu_VendaBotao/li_Teste XT1710 Branco MOTOROL1' is clicked on

2019-01-17 11:57:40 - [TEST_STEP][PASSED] - click(findTestObject("Page_Gemobile_Venda/Page VendaMenu_VendaBotao/Bt_Buscar")): Object: 'Object Repository/Page_Gemobile_Venda/Page VendaMenu_VendaBotao/Bt_Buscar' is clicked on

2019-01-17 11:57:40 - [MESSAGE][PASSED] - Object: 'Object Repository/Page_Gemobile_Venda/Page VendaMenu_VendaBotao/Bt_Buscar' is clicked on

2019-01-17 11:57:40 - [TEST_STEP][PASSED] - waitForElementPresent(findTestObject("Page_Gemobile_Venda/Page VendaMenu_VendaBotao/imgConfirmar"), 3): Object 'Object Repository/Page_Gemobile_Venda/Page VendaMenu_VendaBotao/imgConfirmar' is present

2019-01-17 11:57:42 - [MESSAGE][PASSED] - Object 'Object Repository/Page_Gemobile_Venda/Page VendaMenu_VendaBotao/imgConfirmar' is present

2019-01-17 11:57:42 - [TEST_STEP][PASSED] - click(findTestObject("Page_Gemobile_Venda/Page VendaMenu_VendaBotao/imgConfirmar")): Object: 'Object Repository/Page_Gemobile_Venda/Page VendaMenu_VendaBotao/imgConfirmar' is clicked on

2019-01-17 11:57:42 - [MESSAGE][PASSED] - Object: 'Object Repository/Page_Gemobile_Venda/Page VendaMenu_VendaBotao/imgConfirmar' is clicked on

2019-01-17 11:57:42 - [TEST_STEP][PASSED] - acceptAlert(): Alert accepted

2019-01-17 11:57:42 - [MESSAGE][PASSED] - Alert accepted

2019-01-17 11:57:42 - [TEST_STEP][PASSED] - delay(2): Delayed 2 second(s)

2019-01-17 11:57:44 - [MESSAGE][PASSED] - Delayed 2 second(s)

2019-01-17 11:57:44 - [TEST_STEP][PASSED] - click(findTestObject("Page_Gemobile_Venda/Page VendaMenu_VendaBotao/Bt_SalvaProduto")): Object: 'Object Repository/Page_Gemobile_Venda/Page VendaMenu_VendaBotao/Bt_SalvaProduto' is clicked on

2019-01-17 11:57:44 - [MESSAGE][PASSED] - Object: 'Object Repository/Page_Gemobile_Venda/Page VendaMenu_VendaBotao/Bt_SalvaProduto' is clicked on

2019-01-17 11:57:44 - [TEST_STEP][PASSED] - delay(1): Delayed 1 second(s)

2019-01-17 11:57:45 - [MESSAGE][PASSED] - Delayed 1 second(s)

2019-01-17 11:57:45 - [TEST_STEP][PASSED] - click(findTestObject("Page_Gemobile_Venda/Page VendaMenu_VendaBotao/Bt_AvancaCad")): Object: 'Object Repository/Page_Gemobile_Venda/Page VendaMenu_VendaBotao/Bt_AvancaCad' is clicked on

2019-01-17 11:57:45 - [MESSAGE][PASSED] - Object: 'Object Repository/Page_Gemobile_Venda/Page VendaMenu_VendaBotao/Bt_AvancaCad' is clicked on

2019-01-17 11:57:45 - [TEST_STEP][PASSED] - waitForElementPresent(findTestObject("Page_Gemobile_Venda/Page VendaMenu_VendaBotao/ModalPagamento"), 0): Object 'Object Repository/Page_Gemobile_Venda/Page VendaMenu_VendaBotao/ModalPagamento' is present

2019-01-17 11:57:45 - [MESSAGE][WARNING] - Timeout '0' is invalid. Using default page load timeout: '30'

2019-01-17 11:57:45 - [MESSAGE][PASSED] - Object 'Object Repository/Page_Gemobile_Venda/Page VendaMenu_VendaBotao/ModalPagamento' is present

2019-01-17 11:57:45 - [TEST_STEP][PASSED] - click(findTestObject("Page_Gemobile_Venda/Page VendaMenu_VendaBotao/OpPag_Dinheiro")): Object: 'Object Repository/Page_Gemobile_Venda/Page VendaMenu_VendaBotao/OpPag_Dinheiro' is clicked on

2019-01-17 11:57:45 - [MESSAGE][PASSED] - Object: 'Object Repository/Page_Gemobile_Venda/Page VendaMenu_VendaBotao/OpPag_Dinheiro' is clicked on

2019-01-17 11:57:45 - [TEST_STEP][PASSED] - click(findTestObject("Page_Gemobile_Venda/Page VendaMenu_VendaBotao/Bt_AddPag")): Object: 'Object Repository/Page_Gemobile_Venda/Page VendaMenu_VendaBotao/Bt_AddPag' is clicked on

2019-01-17 11:57:45 - [MESSAGE][PASSED] - Object: 'Object Repository/Page_Gemobile_Venda/Page VendaMenu_VendaBotao/Bt_AddPag' is clicked on

2019-01-17 11:57:45 - [TEST_STEP][PASSED] - click(findTestObject("Page_Gemobile_Venda/Page VendaMenu_VendaBotao/Bt_SalvarPag")): Object: 'Object Repository/Page_Gemobile_Venda/Page VendaMenu_VendaBotao/Bt_SalvarPag' is clicked on

2019-01-17 11:57:46 - [MESSAGE][PASSED] - Object: 'Object Repository/Page_Gemobile_Venda/Page VendaMenu_VendaBotao/Bt_SalvarPag' is clicked on

2019-01-17 11:57:46 - [TEST_STEP][PASSED] - waitForAlert(1): No alert found after 1 second(s).

2019-01-17 11:57:47 - [MESSAGE][WARNING] - No alert found after 1 second(s).

2019-01-17 11:57:47 - [TEST_STEP][PASSED] - click(findTestObject("Page_Gemobile_Venda/Page VendaMenu_VendaBotao/Fechar_Alert"), STOP_ON_FAILURE): Object: 'Object Repository/Page_Gemobile_Venda/Page VendaMenu_VendaBotao/Fechar_Alert' is clicked on

2019-01-17 11:57:47 - [MESSAGE][PASSED] - Object: 'Object Repository/Page_Gemobile_Venda/Page VendaMenu_VendaBotao/Fechar_Alert' is clicked on

2019-01-17 11:57:47 - [TEST_STEP][PASSED] - setText(findTestObject("Page_Gemobile_TelaLogin/SetCampoLogin"), "proprietário.open"): Text 'proprietário.open' is set on object 'Object Repository/Page_Gemobile_TelaLogin/SetCampoLogin'

2019-01-17 11:57:47 - [MESSAGE][PASSED] - Text 'proprietário.open' is set on object 'Object Repository/Page_Gemobile_TelaLogin/SetCampoLogin'

2019-01-17 11:57:47 - [TEST_STEP][PASSED] - setText(findTestObject("Page_Gemobile_TelaLogin/SetCampoSenha"), "venus2018"): Text 'venus2018' is set on object 'Object Repository/Page_Gemobile_TelaLogin/SetCampoSenha'

2019-01-17 11:57:48 - [MESSAGE][PASSED] - Text 'venus2018' is set on object 'Object Repository/Page_Gemobile_TelaLogin/SetCampoSenha'

2019-01-17 11:57:48 - [TEST_STEP][PASSED] - click(findTestObject("Page_Gemobile_Venda/Page VendaMenu_VendaBotao/Bt_SalvarAuten")): Object: 'Object Repository/Page_Gemobile_Venda/Page VendaMenu_VendaBotao/Bt_SalvarAuten' is clicked on

2019-01-17 11:57:48 - [MESSAGE][PASSED] - Object: 'Object Repository/Page_Gemobile_Venda/Page VendaMenu_VendaBotao/Bt_SalvarAuten' is clicked on

2019-01-17 11:57:48 - [TEST_STEP][PASSED] - click(findTestObject("Page_Gemobile_Venda/Page VendaMenu_VendaBotao/Bt_SalvarPag")): Object: 'Object Repository/Page_Gemobile_Venda/Page VendaMenu_VendaBotao/Bt_SalvarPag' is clicked on

2019-01-17 11:57:48 - [MESSAGE][PASSED] - Object: 'Object Repository/Page_Gemobile_Venda/Page VendaMenu_VendaBotao/Bt_SalvarPag' is clicked on

2019-01-17 11:57:48 - [TEST_STEP][PASSED] - verifyElementPresent(findTestObject("Page_Gemobile_Venda/Page VendaMenu_VendaBotao/Alert_VendaInseridaComSucesso"), 0): Object 'Object Repository/Page_Gemobile_Venda/Page VendaMenu_VendaBotao/Alert_VendaInseridaComSucesso' is present

2019-01-17 11:57:48 - [MESSAGE][WARNING] - Timeout '0' is invalid. Using default page load timeout: '30'

2019-01-17 11:57:48 - [MESSAGE][PASSED] - Object 'Object Repository/Page_Gemobile_Venda/Page VendaMenu_VendaBotao/Alert_VendaInseridaComSucesso' is present

2019-01-17 11:57:48 - [MESSAGE][PASSED] - Call Test Case 'Test Cases/Teste Venda/Teste_Venda_BotaoVenda' successfully

2019-01-17 11:57:48 - [TEST_STEP][PASSED] - click(findTestObject("Page_Gemobile_Venda/Page Cancelar Venda/OpAcoes")): Object: 'Object Repository/Page_Gemobile_Venda/Page Cancelar Venda/OpAcoes' is clicked on

2019-01-17 11:57:50 - [MESSAGE][PASSED] - Object: 'Object Repository/Page_Gemobile_Venda/Page Cancelar Venda/OpAcoes' is clicked on

2019-01-17 11:57:50 - [TEST_STEP][PASSED] - delay(3): Delayed 3 second(s)

2019-01-17 11:57:53 - [MESSAGE][PASSED] - Delayed 3 second(s)

2019-01-17 11:57:53 - [TEST_STEP][PASSED] - click(findTestObject("Page_Gemobile_Venda/Page Cancelar Venda/OpCancelar")): Object: 'Object Repository/Page_Gemobile_Venda/Page Cancelar Venda/OpCancelar' is clicked on

2019-01-17 11:57:53 - [MESSAGE][PASSED] - Object: 'Object Repository/Page_Gemobile_Venda/Page Cancelar Venda/OpCancelar' is clicked on

2019-01-17 11:57:53 - [TEST_STEP][PASSED] - waitForElementPresent(findTestObject("Page_Gemobile_Venda/Page Cancelar Venda/DivCancelarVenda"), 3): Object 'Object Repository/Page_Gemobile_Venda/Page Cancelar Venda/DivCancelarVenda' is not present after 3 second(s)

2019-01-17 11:57:56 - [MESSAGE][INFO] - Unable to find the element located by 'By.xpath: /html[1]/body[1]/div[14]/div[3]/div[1]/form[1]/table[1]/tbody[1]/tr[1]/td[2]/div[1]/textarea[1]'. Please recheck the objects properties to make sure the desired element is located. 

2019-01-17 11:57:56 - [MESSAGE][WARNING] - Object 'Object Repository/Page_Gemobile_Venda/Page Cancelar Venda/DivCancelarVenda' is not present after 3 second(s)

2019-01-17 11:57:56 - [TEST_STEP][PASSED] - setText(findTestObject("Page_Gemobile_Venda/Page Cancelar Venda/SetCampoMotivoCancelamento"), "Teste cancelar uma venda"): Text 'Teste cancelar uma venda' is set on object 'Object Repository/Page_Gemobile_Venda/Page Cancelar Venda/SetCampoMotivoCancelamento'

2019-01-17 11:57:56 - [MESSAGE][PASSED] - Text 'Teste cancelar uma venda' is set on object 'Object Repository/Page_Gemobile_Venda/Page Cancelar Venda/SetCampoMotivoCancelamento'

2019-01-17 11:57:56 - [TEST_STEP][PASSED] - click(findTestObject("Page_Gemobile_Venda/Page VendaMenu_VendaBotao/Bt_Motivo de Cancelamento")): Object: 'Object Repository/Page_Gemobile_Venda/Page VendaMenu_VendaBotao/Bt_Motivo de Cancelamento' is clicked on

2019-01-17 11:57:57 - [MESSAGE][PASSED] - Object: 'Object Repository/Page_Gemobile_Venda/Page VendaMenu_VendaBotao/Bt_Motivo de Cancelamento' is clicked on

2019-01-17 11:57:57 - [TEST_STEP][PASSED] - verifyElementPresent(findTestObject("Page_Gemobile_Venda/Page VendaMenu_VendaBotao/Alert_Venda cancelada com sucess"), 0): Object 'Object Repository/Page_Gemobile_Venda/Page VendaMenu_VendaBotao/Alert_Venda cancelada com sucess' is present

2019-01-17 11:57:57 - [MESSAGE][WARNING] - Timeout '0' is invalid. Using default page load timeout: '30'

2019-01-17 11:57:57 - [MESSAGE][PASSED] - Object 'Object Repository/Page_Gemobile_Venda/Page VendaMenu_VendaBotao/Alert_Venda cancelada com sucess' is present

2019-01-17 11:57:57 - [TEST_STEP][PASSED] - closeBrowser(): Browser is closed

2019-01-17 11:57:58 - [MESSAGE][PASSED] - Browser is closed]]></system-out>
         <system-err><![CDATA[]]></system-err>
      </testcase>
      <testcase name="Test Cases/Teste Venda/Teste_Venda_BotaoVenda" classname="Test Cases/Teste Venda/Teste_Venda_BotaoVenda" status="PASSED">
         <system-out><![CDATA[2019-01-17 11:57:58 - [TEST_CASE][PASSED] - Test Cases/Teste Venda/Teste_Venda_BotaoVenda: Test Cases/Teste Venda/Teste_Venda_BotaoVenda

2019-01-17 11:57:58 - [TEST_STEP][PASSED] - callTestCase(findTestCase("Teste Tela de Login/Teste Login Valido"), [:], STOP_ON_FAILURE): Call Test Case 'Test Cases/Teste Tela de Login/Teste Login Valido' successfully

2019-01-17 11:57:58 - [TEST_CASE][PASSED] - Test Cases/Teste Tela de Login/Teste Login Valido: Test Cases/Teste Tela de Login/Teste Login Valido

2019-01-17 11:57:58 - [TEST_STEP][PASSED] - openBrowser(""): Browser is opened with url: ''

2019-01-17 11:57:58 - [MESSAGE][INFO] - Starting 'Chrome' driver

2019-01-17 11:58:00 - [MESSAGE][PASSED] - Browser is opened with url: ''

2019-01-17 11:58:00 - [TEST_STEP][PASSED] - navigateToUrl("https://gemobile-beta.before.com.br/app/"): Navigate to 'https://gemobile-beta.before.com.br/app/' successfully

2019-01-17 11:58:02 - [MESSAGE][PASSED] - Navigate to 'https://gemobile-beta.before.com.br/app/' successfully

2019-01-17 11:58:02 - [TEST_STEP][PASSED] - maximizeWindow(): Current window maximized

2019-01-17 11:58:03 - [MESSAGE][PASSED] - Current window maximized

2019-01-17 11:58:03 - [TEST_STEP][PASSED] - waitForElementPresent(findTestObject("Page_Gemobile_TelaLogin/FormLoginSenha"), 30): Object 'Object Repository/Page_Gemobile_TelaLogin/FormLoginSenha' is present

2019-01-17 11:58:03 - [MESSAGE][PASSED] - Object 'Object Repository/Page_Gemobile_TelaLogin/FormLoginSenha' is present

2019-01-17 11:58:03 - [TEST_STEP][PASSED] - setText(findTestObject("Page_Gemobile_TelaLogin/SetCampoLogin"), "proprietário.open"): Text 'proprietário.open' is set on object 'Object Repository/Page_Gemobile_TelaLogin/SetCampoLogin'

2019-01-17 11:58:04 - [MESSAGE][PASSED] - Text 'proprietário.open' is set on object 'Object Repository/Page_Gemobile_TelaLogin/SetCampoLogin'

2019-01-17 11:58:04 - [TEST_STEP][PASSED] - setText(findTestObject("Page_Gemobile_TelaLogin/SetCampoSenha"), "venus2018"): Text 'venus2018' is set on object 'Object Repository/Page_Gemobile_TelaLogin/SetCampoSenha'

2019-01-17 11:58:04 - [MESSAGE][PASSED] - Text 'venus2018' is set on object 'Object Repository/Page_Gemobile_TelaLogin/SetCampoSenha'

2019-01-17 11:58:04 - [TEST_STEP][PASSED] - click(findTestObject("Page_Gemobile_TelaLogin/Bt_Entrar")): Object: 'Object Repository/Page_Gemobile_TelaLogin/Bt_Entrar' is clicked on

2019-01-17 11:58:04 - [MESSAGE][PASSED] - Object: 'Object Repository/Page_Gemobile_TelaLogin/Bt_Entrar' is clicked on

2019-01-17 11:58:04 - [TEST_STEP][PASSED] - waitForElementPresent(findTestObject("Page_Gemobile_TelaLogin/imgLogoTelaInicial"), 5): Object 'Object Repository/Page_Gemobile_TelaLogin/imgLogoTelaInicial' is present

2019-01-17 11:58:10 - [MESSAGE][PASSED] - Object 'Object Repository/Page_Gemobile_TelaLogin/imgLogoTelaInicial' is present

2019-01-17 11:58:10 - [MESSAGE][PASSED] - Call Test Case 'Test Cases/Teste Tela de Login/Teste Login Valido' successfully

2019-01-17 11:58:10 - [TEST_STEP][PASSED] - click(findTestObject("Page_Gemobile_Venda/Page VendaMenu_VendaBotao/Bt_RealizarVenda")): Object: 'Object Repository/Page_Gemobile_Venda/Page VendaMenu_VendaBotao/Bt_RealizarVenda' is clicked on

2019-01-17 11:58:10 - [MESSAGE][PASSED] - Object: 'Object Repository/Page_Gemobile_Venda/Page VendaMenu_VendaBotao/Bt_RealizarVenda' is clicked on

2019-01-17 11:58:10 - [TEST_STEP][PASSED] - waitForElementVisible(findTestObject("Page_Gemobile_Venda/Page VendaMenu_VendaBotao/FormCadastro"), 0): Object 'Object Repository/Page_Gemobile_Venda/Page VendaMenu_VendaBotao/FormCadastro' is visible

2019-01-17 11:58:10 - [MESSAGE][WARNING] - Timeout '0' is invalid. Using default page load timeout: '30'

2019-01-17 11:58:10 - [MESSAGE][PASSED] - Object 'Object Repository/Page_Gemobile_Venda/Page VendaMenu_VendaBotao/FormCadastro' is visible

2019-01-17 11:58:10 - [TEST_STEP][PASSED] - selectOptionByValue(findTestObject("Page_Gemobile_Venda/Page VendaMenu_VendaBotao/Select_EscolhaFilial"), "39", false): All options with value '39' are selected in object 'Object Repository/Page_Gemobile_Venda/Page VendaMenu_VendaBotao/Select_EscolhaFilial' 

2019-01-17 11:58:11 - [MESSAGE][PASSED] - All options with value '39' are selected in object 'Object Repository/Page_Gemobile_Venda/Page VendaMenu_VendaBotao/Select_EscolhaFilial' 

2019-01-17 11:58:11 - [TEST_STEP][PASSED] - delay(1): Delayed 1 second(s)

2019-01-17 11:58:12 - [MESSAGE][PASSED] - Delayed 1 second(s)

2019-01-17 11:58:12 - [TEST_STEP][PASSED] - selectOptionByValue(findTestObject("Page_Gemobile_Venda/Page VendaMenu_VendaBotao/Select_Escolha...Caixa"), "1", false): All options with value '1' are selected in object 'Object Repository/Page_Gemobile_Venda/Page VendaMenu_VendaBotao/Select_Escolha...Caixa' 

2019-01-17 11:58:12 - [MESSAGE][PASSED] - All options with value '1' are selected in object 'Object Repository/Page_Gemobile_Venda/Page VendaMenu_VendaBotao/Select_Escolha...Caixa' 

2019-01-17 11:58:12 - [TEST_STEP][PASSED] - click(findTestObject("Page_Gemobile_Venda/Page VendaMenu_VendaBotao/Bt_AvancaCad")): Object: 'Object Repository/Page_Gemobile_Venda/Page VendaMenu_VendaBotao/Bt_AvancaCad' is clicked on

2019-01-17 11:58:12 - [MESSAGE][PASSED] - Object: 'Object Repository/Page_Gemobile_Venda/Page VendaMenu_VendaBotao/Bt_AvancaCad' is clicked on

2019-01-17 11:58:12 - [TEST_STEP][PASSED] - waitForElementPresent(findTestObject("Page_Gemobile_Venda/Page VendaMenu_VendaBotao/SelecionarOpDeCliente"), 0): Object 'Object Repository/Page_Gemobile_Venda/Page VendaMenu_VendaBotao/SelecionarOpDeCliente' is present

2019-01-17 11:58:12 - [MESSAGE][WARNING] - Timeout '0' is invalid. Using default page load timeout: '30'

2019-01-17 11:58:12 - [MESSAGE][PASSED] - Object 'Object Repository/Page_Gemobile_Venda/Page VendaMenu_VendaBotao/SelecionarOpDeCliente' is present

2019-01-17 11:58:12 - [TEST_STEP][PASSED] - click(findTestObject("Page_Gemobile_Venda/Page VendaMenu_VendaBotao/SelecionaCelular")): Object: 'Object Repository/Page_Gemobile_Venda/Page VendaMenu_VendaBotao/SelecionaCelular' is clicked on

2019-01-17 11:58:13 - [MESSAGE][PASSED] - Object: 'Object Repository/Page_Gemobile_Venda/Page VendaMenu_VendaBotao/SelecionaCelular' is clicked on

2019-01-17 11:58:13 - [TEST_STEP][PASSED] - setText(findTestObject("Page_Gemobile_Venda/Page VendaMenu_VendaBotao/SetCampoCelular"), "0000"): Text '0000' is set on object 'Object Repository/Page_Gemobile_Venda/Page VendaMenu_VendaBotao/SetCampoCelular'

2019-01-17 11:58:13 - [MESSAGE][PASSED] - Text '0000' is set on object 'Object Repository/Page_Gemobile_Venda/Page VendaMenu_VendaBotao/SetCampoCelular'

2019-01-17 11:58:13 - [TEST_STEP][PASSED] - delay(2, STOP_ON_FAILURE): Delayed 2 second(s)

2019-01-17 11:58:15 - [MESSAGE][PASSED] - Delayed 2 second(s)

2019-01-17 11:58:15 - [TEST_STEP][PASSED] - click(findTestObject("Page_Gemobile_Venda/Page VendaMenu_VendaBotao/li_00 00000-0000 - Teste Katal")): Object: 'Object Repository/Page_Gemobile_Venda/Page VendaMenu_VendaBotao/li_00 00000-0000 - Teste Katal' is clicked on

2019-01-17 11:58:15 - [MESSAGE][PASSED] - Object: 'Object Repository/Page_Gemobile_Venda/Page VendaMenu_VendaBotao/li_00 00000-0000 - Teste Katal' is clicked on

2019-01-17 11:58:15 - [TEST_STEP][PASSED] - click(findTestObject("Page_Gemobile_Venda/Page VendaMenu_VendaBotao/FormClienteClick")): Object: 'Object Repository/Page_Gemobile_Venda/Page VendaMenu_VendaBotao/FormClienteClick' is clicked on

2019-01-17 11:58:15 - [MESSAGE][PASSED] - Object: 'Object Repository/Page_Gemobile_Venda/Page VendaMenu_VendaBotao/FormClienteClick' is clicked on

2019-01-17 11:58:15 - [TEST_STEP][PASSED] - delay(1): Delayed 1 second(s)

2019-01-17 11:58:16 - [MESSAGE][PASSED] - Delayed 1 second(s)

2019-01-17 11:58:16 - [TEST_STEP][PASSED] - click(findTestObject("Page_Gemobile_Venda/Page VendaMenu_VendaBotao/Bt_AvancaCad")): Object: 'Object Repository/Page_Gemobile_Venda/Page VendaMenu_VendaBotao/Bt_AvancaCad' is clicked on

2019-01-17 11:58:16 - [MESSAGE][PASSED] - Object: 'Object Repository/Page_Gemobile_Venda/Page VendaMenu_VendaBotao/Bt_AvancaCad' is clicked on

2019-01-17 11:58:16 - [TEST_STEP][PASSED] - delay(1): Delayed 1 second(s)

2019-01-17 11:58:17 - [MESSAGE][PASSED] - Delayed 1 second(s)

2019-01-17 11:58:17 - [TEST_STEP][PASSED] - click(findTestObject("Page_Gemobile_Venda/Page VendaMenu_VendaBotao/OpProduto")): Object: 'Object Repository/Page_Gemobile_Venda/Page VendaMenu_VendaBotao/OpProduto' is clicked on

2019-01-17 11:58:17 - [MESSAGE][PASSED] - Object: 'Object Repository/Page_Gemobile_Venda/Page VendaMenu_VendaBotao/OpProduto' is clicked on

2019-01-17 11:58:17 - [TEST_STEP][PASSED] - click(findTestObject("Page_Gemobile_Venda/Page VendaMenu_VendaBotao/OpProdPorModelo")): Object: 'Object Repository/Page_Gemobile_Venda/Page VendaMenu_VendaBotao/OpProdPorModelo' is clicked on

2019-01-17 11:58:18 - [MESSAGE][PASSED] - Object: 'Object Repository/Page_Gemobile_Venda/Page VendaMenu_VendaBotao/OpProdPorModelo' is clicked on

2019-01-17 11:58:18 - [TEST_STEP][PASSED] - setText(findTestObject("Page_Gemobile_Venda/Page VendaMenu_VendaBotao/SetCampoModelo"), "XT171"): Text 'XT171' is set on object 'Object Repository/Page_Gemobile_Venda/Page VendaMenu_VendaBotao/SetCampoModelo'

2019-01-17 11:58:18 - [MESSAGE][PASSED] - Text 'XT171' is set on object 'Object Repository/Page_Gemobile_Venda/Page VendaMenu_VendaBotao/SetCampoModelo'

2019-01-17 11:58:18 - [TEST_STEP][PASSED] - delay(2, STOP_ON_FAILURE): Delayed 2 second(s)

2019-01-17 11:58:20 - [MESSAGE][PASSED] - Delayed 2 second(s)

2019-01-17 11:58:20 - [TEST_STEP][PASSED] - click(findTestObject("Page_Gemobile_Venda/Page VendaMenu_VendaBotao/li_Teste XT1710 Branco MOTOROL1")): Object: 'Object Repository/Page_Gemobile_Venda/Page VendaMenu_VendaBotao/li_Teste XT1710 Branco MOTOROL1' is clicked on

2019-01-17 11:58:20 - [MESSAGE][PASSED] - Object: 'Object Repository/Page_Gemobile_Venda/Page VendaMenu_VendaBotao/li_Teste XT1710 Branco MOTOROL1' is clicked on

2019-01-17 11:58:20 - [TEST_STEP][PASSED] - click(findTestObject("Page_Gemobile_Venda/Page VendaMenu_VendaBotao/Bt_Buscar")): Object: 'Object Repository/Page_Gemobile_Venda/Page VendaMenu_VendaBotao/Bt_Buscar' is clicked on

2019-01-17 11:58:21 - [MESSAGE][PASSED] - Object: 'Object Repository/Page_Gemobile_Venda/Page VendaMenu_VendaBotao/Bt_Buscar' is clicked on

2019-01-17 11:58:21 - [TEST_STEP][PASSED] - waitForElementPresent(findTestObject("Page_Gemobile_Venda/Page VendaMenu_VendaBotao/imgConfirmar"), 3): Object 'Object Repository/Page_Gemobile_Venda/Page VendaMenu_VendaBotao/imgConfirmar' is present

2019-01-17 11:58:22 - [MESSAGE][PASSED] - Object 'Object Repository/Page_Gemobile_Venda/Page VendaMenu_VendaBotao/imgConfirmar' is present

2019-01-17 11:58:22 - [TEST_STEP][PASSED] - click(findTestObject("Page_Gemobile_Venda/Page VendaMenu_VendaBotao/imgConfirmar")): Object: 'Object Repository/Page_Gemobile_Venda/Page VendaMenu_VendaBotao/imgConfirmar' is clicked on

2019-01-17 11:58:22 - [MESSAGE][PASSED] - Object: 'Object Repository/Page_Gemobile_Venda/Page VendaMenu_VendaBotao/imgConfirmar' is clicked on

2019-01-17 11:58:22 - [TEST_STEP][PASSED] - acceptAlert(): Alert accepted

2019-01-17 11:58:22 - [MESSAGE][PASSED] - Alert accepted

2019-01-17 11:58:22 - [TEST_STEP][PASSED] - delay(2): Delayed 2 second(s)

2019-01-17 11:58:24 - [MESSAGE][PASSED] - Delayed 2 second(s)

2019-01-17 11:58:24 - [TEST_STEP][PASSED] - click(findTestObject("Page_Gemobile_Venda/Page VendaMenu_VendaBotao/Bt_SalvaProduto")): Object: 'Object Repository/Page_Gemobile_Venda/Page VendaMenu_VendaBotao/Bt_SalvaProduto' is clicked on

2019-01-17 11:58:24 - [MESSAGE][PASSED] - Object: 'Object Repository/Page_Gemobile_Venda/Page VendaMenu_VendaBotao/Bt_SalvaProduto' is clicked on

2019-01-17 11:58:24 - [TEST_STEP][PASSED] - delay(1): Delayed 1 second(s)

2019-01-17 11:58:25 - [MESSAGE][PASSED] - Delayed 1 second(s)

2019-01-17 11:58:25 - [TEST_STEP][PASSED] - click(findTestObject("Page_Gemobile_Venda/Page VendaMenu_VendaBotao/Bt_AvancaCad")): Object: 'Object Repository/Page_Gemobile_Venda/Page VendaMenu_VendaBotao/Bt_AvancaCad' is clicked on

2019-01-17 11:58:26 - [MESSAGE][PASSED] - Object: 'Object Repository/Page_Gemobile_Venda/Page VendaMenu_VendaBotao/Bt_AvancaCad' is clicked on

2019-01-17 11:58:26 - [TEST_STEP][PASSED] - waitForElementPresent(findTestObject("Page_Gemobile_Venda/Page VendaMenu_VendaBotao/ModalPagamento"), 0): Object 'Object Repository/Page_Gemobile_Venda/Page VendaMenu_VendaBotao/ModalPagamento' is present

2019-01-17 11:58:26 - [MESSAGE][WARNING] - Timeout '0' is invalid. Using default page load timeout: '30'

2019-01-17 11:58:26 - [MESSAGE][PASSED] - Object 'Object Repository/Page_Gemobile_Venda/Page VendaMenu_VendaBotao/ModalPagamento' is present

2019-01-17 11:58:26 - [TEST_STEP][PASSED] - click(findTestObject("Page_Gemobile_Venda/Page VendaMenu_VendaBotao/OpPag_Dinheiro")): Object: 'Object Repository/Page_Gemobile_Venda/Page VendaMenu_VendaBotao/OpPag_Dinheiro' is clicked on

2019-01-17 11:58:26 - [MESSAGE][PASSED] - Object: 'Object Repository/Page_Gemobile_Venda/Page VendaMenu_VendaBotao/OpPag_Dinheiro' is clicked on

2019-01-17 11:58:26 - [TEST_STEP][PASSED] - click(findTestObject("Page_Gemobile_Venda/Page VendaMenu_VendaBotao/Bt_AddPag")): Object: 'Object Repository/Page_Gemobile_Venda/Page VendaMenu_VendaBotao/Bt_AddPag' is clicked on

2019-01-17 11:58:26 - [MESSAGE][PASSED] - Object: 'Object Repository/Page_Gemobile_Venda/Page VendaMenu_VendaBotao/Bt_AddPag' is clicked on

2019-01-17 11:58:26 - [TEST_STEP][PASSED] - click(findTestObject("Page_Gemobile_Venda/Page VendaMenu_VendaBotao/Bt_SalvarPag")): Object: 'Object Repository/Page_Gemobile_Venda/Page VendaMenu_VendaBotao/Bt_SalvarPag' is clicked on

2019-01-17 11:58:26 - [MESSAGE][PASSED] - Object: 'Object Repository/Page_Gemobile_Venda/Page VendaMenu_VendaBotao/Bt_SalvarPag' is clicked on

2019-01-17 11:58:26 - [TEST_STEP][PASSED] - waitForAlert(1): No alert found after 1 second(s).

2019-01-17 11:58:27 - [MESSAGE][WARNING] - No alert found after 1 second(s).

2019-01-17 11:58:27 - [TEST_STEP][PASSED] - click(findTestObject("Page_Gemobile_Venda/Page VendaMenu_VendaBotao/Fechar_Alert"), STOP_ON_FAILURE): Object: 'Object Repository/Page_Gemobile_Venda/Page VendaMenu_VendaBotao/Fechar_Alert' is clicked on

2019-01-17 11:58:27 - [MESSAGE][PASSED] - Object: 'Object Repository/Page_Gemobile_Venda/Page VendaMenu_VendaBotao/Fechar_Alert' is clicked on

2019-01-17 11:58:27 - [TEST_STEP][PASSED] - setText(findTestObject("Page_Gemobile_TelaLogin/SetCampoLogin"), "proprietário.open"): Text 'proprietário.open' is set on object 'Object Repository/Page_Gemobile_TelaLogin/SetCampoLogin'

2019-01-17 11:58:28 - [MESSAGE][PASSED] - Text 'proprietário.open' is set on object 'Object Repository/Page_Gemobile_TelaLogin/SetCampoLogin'

2019-01-17 11:58:28 - [TEST_STEP][PASSED] - setText(findTestObject("Page_Gemobile_TelaLogin/SetCampoSenha"), "venus2018"): Text 'venus2018' is set on object 'Object Repository/Page_Gemobile_TelaLogin/SetCampoSenha'

2019-01-17 11:58:28 - [MESSAGE][PASSED] - Text 'venus2018' is set on object 'Object Repository/Page_Gemobile_TelaLogin/SetCampoSenha'

2019-01-17 11:58:28 - [TEST_STEP][PASSED] - click(findTestObject("Page_Gemobile_Venda/Page VendaMenu_VendaBotao/Bt_SalvarAuten")): Object: 'Object Repository/Page_Gemobile_Venda/Page VendaMenu_VendaBotao/Bt_SalvarAuten' is clicked on

2019-01-17 11:58:28 - [MESSAGE][PASSED] - Object: 'Object Repository/Page_Gemobile_Venda/Page VendaMenu_VendaBotao/Bt_SalvarAuten' is clicked on

2019-01-17 11:58:28 - [TEST_STEP][PASSED] - click(findTestObject("Page_Gemobile_Venda/Page VendaMenu_VendaBotao/Bt_SalvarPag")): Object: 'Object Repository/Page_Gemobile_Venda/Page VendaMenu_VendaBotao/Bt_SalvarPag' is clicked on

2019-01-17 11:58:29 - [MESSAGE][PASSED] - Object: 'Object Repository/Page_Gemobile_Venda/Page VendaMenu_VendaBotao/Bt_SalvarPag' is clicked on

2019-01-17 11:58:29 - [TEST_STEP][PASSED] - verifyElementPresent(findTestObject("Page_Gemobile_Venda/Page VendaMenu_VendaBotao/Alert_VendaInseridaComSucesso"), 0): Object 'Object Repository/Page_Gemobile_Venda/Page VendaMenu_VendaBotao/Alert_VendaInseridaComSucesso' is present

2019-01-17 11:58:29 - [MESSAGE][WARNING] - Timeout '0' is invalid. Using default page load timeout: '30'

2019-01-17 11:58:29 - [MESSAGE][PASSED] - Object 'Object Repository/Page_Gemobile_Venda/Page VendaMenu_VendaBotao/Alert_VendaInseridaComSucesso' is present]]></system-out>
         <system-err><![CDATA[]]></system-err>
      </testcase>
      <system-out><![CDATA[2019-01-17 11:56:30 - [TEST_SUITE][PASSED] - Casos de Teste Venda: Test Cases/Teste Venda/Teste_Venda_BotaoVenda]]></system-out>
      <system-err><![CDATA[]]></system-err>
   </testsuite>
</testsuites>
