<?xml version="1.0" encoding="UTF-8"?>
<testsuites name="Casos de Teste Venda" time="117" tests="3" failures="0" errors="0">
   <testsuite name="Casos de Teste Venda" tests="3" failures="0" errors="0" time="117" timestamp="2019-01-17 13:13:38" hostname="Wander - DESKTOP-F94FUJP" id="Test Suites/Casos de Teste Venda">
      <properties>
         <property name="deviceName" value=""/>
         <property name="devicePlatform" value=""/>
         <property name="logFolder" value="C:\\Users\\Wander\\Katalon Studio\\Projeto Gemobile\\Reports\\Casos de Teste Venda\\20190117_131331"/>
         <property name="logFiles" value="C:\\Users\\Wander\\Katalon Studio\\Projeto Gemobile\\Reports\\Casos de Teste Venda\\20190117_131331\\execution0.log"/>
         <property name="attachments" value=""/>
         <property name="hostName" value="Wander - DESKTOP-F94FUJP"/>
         <property name="os" value="Windows 10 64bit"/>
         <property name="katalonVersion" value="5.10.1.1"/>
         <property name="browser" value="Chrome 71.0.3578.98"/>
         <property name="hostAddress" value="10.0.75.1"/>
         <property name="sessionId" value="97bf818c9c84ef685704e36fc7c12b71"/>
         <property name="seleniumVersion" value="3.7.1"/>
         <property name="proxyInformation" value="ProxyInformation{proxyOption=NO_PROXY, proxyServerType=HTTP, password=, proxyServerAddress=, proxyServerPort=0}"/>
         <property name="platform" value="Windows 10"/>
      </properties>
      <testcase name="Test Cases/Teste Venda/Teste_Cad_Venda_Menu" classname="Test Cases/Teste Venda/Teste_Cad_Venda_Menu" status="PASSED">
         <system-out><![CDATA[2019-01-17 13:13:39 - [TEST_CASE][PASSED] - Test Cases/Teste Venda/Teste_Cad_Venda_Menu: Test Cases/Teste Venda/Teste_Cad_Venda_Menu

2019-01-17 13:13:40 - [TEST_STEP][PASSED] - callTestCase(findTestCase("Teste Tela de Login/Teste Login Valido"), [:], STOP_ON_FAILURE): Call Test Case 'Test Cases/Teste Tela de Login/Teste Login Valido' successfully

2019-01-17 13:13:40 - [TEST_CASE][PASSED] - Test Cases/Teste Tela de Login/Teste Login Valido: Test Cases/Teste Tela de Login/Teste Login Valido

2019-01-17 13:13:40 - [TEST_STEP][PASSED] - openBrowser(""): Browser is opened with url: ''

2019-01-17 13:13:41 - [MESSAGE][INFO] - Starting 'Chrome' driver

2019-01-17 13:13:41 - [MESSAGE][INFO] - Action delay is set to 0 seconds

2019-01-17 13:13:45 - [MESSAGE][PASSED] - Browser is opened with url: ''

2019-01-17 13:13:45 - [TEST_STEP][PASSED] - navigateToUrl("https://gemobile-beta.before.com.br/app/"): Navigate to 'https://gemobile-beta.before.com.br/app/' successfully

2019-01-17 13:13:48 - [MESSAGE][PASSED] - Navigate to 'https://gemobile-beta.before.com.br/app/' successfully

2019-01-17 13:13:48 - [TEST_STEP][PASSED] - maximizeWindow(): Current window maximized

2019-01-17 13:13:49 - [MESSAGE][PASSED] - Current window maximized

2019-01-17 13:13:49 - [TEST_STEP][PASSED] - waitForElementPresent(findTestObject("Page_Gemobile_TelaLogin/FormLoginSenha"), 30): Object 'Object Repository/Page_Gemobile_TelaLogin/FormLoginSenha' is present

2019-01-17 13:13:50 - [MESSAGE][PASSED] - Object 'Object Repository/Page_Gemobile_TelaLogin/FormLoginSenha' is present

2019-01-17 13:13:50 - [TEST_STEP][PASSED] - setText(findTestObject("Page_Gemobile_TelaLogin/SetCampoLogin"), "proprietário.open"): Text 'proprietário.open' is set on object 'Object Repository/Page_Gemobile_TelaLogin/SetCampoLogin'

2019-01-17 13:13:50 - [MESSAGE][PASSED] - Text 'proprietário.open' is set on object 'Object Repository/Page_Gemobile_TelaLogin/SetCampoLogin'

2019-01-17 13:13:50 - [TEST_STEP][PASSED] - setText(findTestObject("Page_Gemobile_TelaLogin/SetCampoSenha"), "venus2018"): Text 'venus2018' is set on object 'Object Repository/Page_Gemobile_TelaLogin/SetCampoSenha'

2019-01-17 13:13:50 - [MESSAGE][PASSED] - Text 'venus2018' is set on object 'Object Repository/Page_Gemobile_TelaLogin/SetCampoSenha'

2019-01-17 13:13:50 - [TEST_STEP][PASSED] - click(findTestObject("Page_Gemobile_TelaLogin/Bt_Entrar")): Object: 'Object Repository/Page_Gemobile_TelaLogin/Bt_Entrar' is clicked on

2019-01-17 13:13:50 - [MESSAGE][PASSED] - Object: 'Object Repository/Page_Gemobile_TelaLogin/Bt_Entrar' is clicked on

2019-01-17 13:13:50 - [TEST_STEP][PASSED] - waitForElementPresent(findTestObject("Page_Gemobile_TelaLogin/imgLogoTelaInicial"), 5): Object 'Object Repository/Page_Gemobile_TelaLogin/imgLogoTelaInicial' is present

2019-01-17 13:13:57 - [MESSAGE][PASSED] - Object 'Object Repository/Page_Gemobile_TelaLogin/imgLogoTelaInicial' is present

2019-01-17 13:13:57 - [MESSAGE][PASSED] - Call Test Case 'Test Cases/Teste Tela de Login/Teste Login Valido' successfully

2019-01-17 13:13:57 - [TEST_STEP][PASSED] - click(findTestObject("Page_Gemobile_Venda/Page Cancelar Venda/MenuVenda")): Object: 'Object Repository/Page_Gemobile_Venda/Page Cancelar Venda/MenuVenda' is clicked on

2019-01-17 13:13:57 - [MESSAGE][PASSED] - Object: 'Object Repository/Page_Gemobile_Venda/Page Cancelar Venda/MenuVenda' is clicked on

2019-01-17 13:13:57 - [TEST_STEP][PASSED] - click(findTestObject("Page_Gemobile_Venda/Page VendaMenu_VendaBotao/SubMenuVenda")): Object: 'Object Repository/Page_Gemobile_Venda/Page VendaMenu_VendaBotao/SubMenuVenda' is clicked on

2019-01-17 13:13:57 - [MESSAGE][PASSED] - Object: 'Object Repository/Page_Gemobile_Venda/Page VendaMenu_VendaBotao/SubMenuVenda' is clicked on

2019-01-17 13:13:57 - [TEST_STEP][PASSED] - click(findTestObject("Page_Gemobile_Venda/Page Cancelar Venda/Op_Venda")): Object: 'Object Repository/Page_Gemobile_Venda/Page Cancelar Venda/Op_Venda' is clicked on

2019-01-17 13:13:58 - [MESSAGE][PASSED] - Object: 'Object Repository/Page_Gemobile_Venda/Page Cancelar Venda/Op_Venda' is clicked on

2019-01-17 13:13:58 - [TEST_STEP][PASSED] - click(findTestObject("Page_Gemobile_Venda/Page VendaMenu_VendaBotao/InserirNovaVenda")): Object: 'Object Repository/Page_Gemobile_Venda/Page VendaMenu_VendaBotao/InserirNovaVenda' is clicked on

2019-01-17 13:13:59 - [MESSAGE][PASSED] - Object: 'Object Repository/Page_Gemobile_Venda/Page VendaMenu_VendaBotao/InserirNovaVenda' is clicked on

2019-01-17 13:13:59 - [TEST_STEP][PASSED] - waitForElementVisible(findTestObject("Page_Gemobile_Venda/Page VendaMenu_VendaBotao/FormCadastro"), 0): Object 'Object Repository/Page_Gemobile_Venda/Page VendaMenu_VendaBotao/FormCadastro' is visible

2019-01-17 13:13:59 - [MESSAGE][WARNING] - Timeout '0' is invalid. Using default page load timeout: '30'

2019-01-17 13:13:59 - [MESSAGE][PASSED] - Object 'Object Repository/Page_Gemobile_Venda/Page VendaMenu_VendaBotao/FormCadastro' is visible

2019-01-17 13:13:59 - [TEST_STEP][PASSED] - selectOptionByValue(findTestObject("Page_Gemobile_Venda/Page VendaMenu_VendaBotao/Select_EscolhaFilial"), "39", false): All options with value '39' are selected in object 'Object Repository/Page_Gemobile_Venda/Page VendaMenu_VendaBotao/Select_EscolhaFilial' 

2019-01-17 13:14:00 - [MESSAGE][PASSED] - All options with value '39' are selected in object 'Object Repository/Page_Gemobile_Venda/Page VendaMenu_VendaBotao/Select_EscolhaFilial' 

2019-01-17 13:14:00 - [TEST_STEP][PASSED] - delay(1): Delayed 1 second(s)

2019-01-17 13:14:01 - [MESSAGE][PASSED] - Delayed 1 second(s)

2019-01-17 13:14:01 - [TEST_STEP][PASSED] - selectOptionByValue(findTestObject("Page_Gemobile_Venda/Page VendaMenu_VendaBotao/Select_Escolha...Caixa"), "1", false): All options with value '1' are selected in object 'Object Repository/Page_Gemobile_Venda/Page VendaMenu_VendaBotao/Select_Escolha...Caixa' 

2019-01-17 13:14:01 - [MESSAGE][PASSED] - All options with value '1' are selected in object 'Object Repository/Page_Gemobile_Venda/Page VendaMenu_VendaBotao/Select_Escolha...Caixa' 

2019-01-17 13:14:01 - [TEST_STEP][PASSED] - click(findTestObject("Page_Gemobile_Venda/Page VendaMenu_VendaBotao/Bt_AvancaCad")): Object: 'Object Repository/Page_Gemobile_Venda/Page VendaMenu_VendaBotao/Bt_AvancaCad' is clicked on

2019-01-17 13:14:02 - [MESSAGE][PASSED] - Object: 'Object Repository/Page_Gemobile_Venda/Page VendaMenu_VendaBotao/Bt_AvancaCad' is clicked on

2019-01-17 13:14:02 - [TEST_STEP][PASSED] - waitForElementPresent(findTestObject("Page_Gemobile_Venda/Page VendaMenu_VendaBotao/SelecionarOpDeCliente"), 0): Object 'Object Repository/Page_Gemobile_Venda/Page VendaMenu_VendaBotao/SelecionarOpDeCliente' is present

2019-01-17 13:14:02 - [MESSAGE][WARNING] - Timeout '0' is invalid. Using default page load timeout: '30'

2019-01-17 13:14:02 - [MESSAGE][PASSED] - Object 'Object Repository/Page_Gemobile_Venda/Page VendaMenu_VendaBotao/SelecionarOpDeCliente' is present

2019-01-17 13:14:02 - [TEST_STEP][PASSED] - click(findTestObject("Page_Gemobile_Venda/Page VendaMenu_VendaBotao/SelecionaCelular")): Object: 'Object Repository/Page_Gemobile_Venda/Page VendaMenu_VendaBotao/SelecionaCelular' is clicked on

2019-01-17 13:14:02 - [MESSAGE][PASSED] - Object: 'Object Repository/Page_Gemobile_Venda/Page VendaMenu_VendaBotao/SelecionaCelular' is clicked on

2019-01-17 13:14:02 - [TEST_STEP][PASSED] - setText(findTestObject("Page_Gemobile_Venda/Page VendaMenu_VendaBotao/SetCampoCelular"), "0000"): Text '0000' is set on object 'Object Repository/Page_Gemobile_Venda/Page VendaMenu_VendaBotao/SetCampoCelular'

2019-01-17 13:14:02 - [MESSAGE][PASSED] - Text '0000' is set on object 'Object Repository/Page_Gemobile_Venda/Page VendaMenu_VendaBotao/SetCampoCelular'

2019-01-17 13:14:02 - [TEST_STEP][PASSED] - delay(2, STOP_ON_FAILURE): Delayed 2 second(s)

2019-01-17 13:14:04 - [MESSAGE][PASSED] - Delayed 2 second(s)

2019-01-17 13:14:04 - [TEST_STEP][PASSED] - click(findTestObject("Page_Gemobile_Venda/Page VendaMenu_VendaBotao/li_00 00000-0000 - Teste Katal")): Object: 'Object Repository/Page_Gemobile_Venda/Page VendaMenu_VendaBotao/li_00 00000-0000 - Teste Katal' is clicked on

2019-01-17 13:14:04 - [MESSAGE][PASSED] - Object: 'Object Repository/Page_Gemobile_Venda/Page VendaMenu_VendaBotao/li_00 00000-0000 - Teste Katal' is clicked on

2019-01-17 13:14:04 - [TEST_STEP][PASSED] - click(findTestObject("Page_Gemobile_Venda/Page VendaMenu_VendaBotao/FormClienteClick")): Object: 'Object Repository/Page_Gemobile_Venda/Page VendaMenu_VendaBotao/FormClienteClick' is clicked on

2019-01-17 13:14:05 - [MESSAGE][PASSED] - Object: 'Object Repository/Page_Gemobile_Venda/Page VendaMenu_VendaBotao/FormClienteClick' is clicked on

2019-01-17 13:14:05 - [TEST_STEP][PASSED] - delay(1): Delayed 1 second(s)

2019-01-17 13:14:06 - [MESSAGE][PASSED] - Delayed 1 second(s)

2019-01-17 13:14:06 - [TEST_STEP][PASSED] - click(findTestObject("Page_Gemobile_Venda/Page VendaMenu_VendaBotao/Bt_AvancaCad")): Object: 'Object Repository/Page_Gemobile_Venda/Page VendaMenu_VendaBotao/Bt_AvancaCad' is clicked on

2019-01-17 13:14:06 - [MESSAGE][PASSED] - Object: 'Object Repository/Page_Gemobile_Venda/Page VendaMenu_VendaBotao/Bt_AvancaCad' is clicked on

2019-01-17 13:14:06 - [TEST_STEP][PASSED] - delay(1): Delayed 1 second(s)

2019-01-17 13:14:07 - [MESSAGE][PASSED] - Delayed 1 second(s)

2019-01-17 13:14:07 - [TEST_STEP][PASSED] - click(findTestObject("Page_Gemobile_Venda/Page VendaMenu_VendaBotao/OpProduto")): Object: 'Object Repository/Page_Gemobile_Venda/Page VendaMenu_VendaBotao/OpProduto' is clicked on

2019-01-17 13:14:07 - [MESSAGE][PASSED] - Object: 'Object Repository/Page_Gemobile_Venda/Page VendaMenu_VendaBotao/OpProduto' is clicked on

2019-01-17 13:14:07 - [TEST_STEP][PASSED] - click(findTestObject("Page_Gemobile_Venda/Page VendaMenu_VendaBotao/OpProdPorModelo")): Object: 'Object Repository/Page_Gemobile_Venda/Page VendaMenu_VendaBotao/OpProdPorModelo' is clicked on

2019-01-17 13:14:07 - [MESSAGE][PASSED] - Object: 'Object Repository/Page_Gemobile_Venda/Page VendaMenu_VendaBotao/OpProdPorModelo' is clicked on

2019-01-17 13:14:07 - [TEST_STEP][PASSED] - setText(findTestObject("Page_Gemobile_Venda/Page VendaMenu_VendaBotao/SetCampoModelo"), "XT171"): Text 'XT171' is set on object 'Object Repository/Page_Gemobile_Venda/Page VendaMenu_VendaBotao/SetCampoModelo'

2019-01-17 13:14:08 - [MESSAGE][PASSED] - Text 'XT171' is set on object 'Object Repository/Page_Gemobile_Venda/Page VendaMenu_VendaBotao/SetCampoModelo'

2019-01-17 13:14:08 - [TEST_STEP][PASSED] - delay(2, STOP_ON_FAILURE): Delayed 2 second(s)

2019-01-17 13:14:10 - [MESSAGE][PASSED] - Delayed 2 second(s)

2019-01-17 13:14:10 - [TEST_STEP][PASSED] - click(findTestObject("Page_Gemobile_Venda/Page VendaMenu_VendaBotao/li_Teste XT1710 Branco MOTOROL1")): Object: 'Object Repository/Page_Gemobile_Venda/Page VendaMenu_VendaBotao/li_Teste XT1710 Branco MOTOROL1' is clicked on

2019-01-17 13:14:10 - [MESSAGE][PASSED] - Object: 'Object Repository/Page_Gemobile_Venda/Page VendaMenu_VendaBotao/li_Teste XT1710 Branco MOTOROL1' is clicked on

2019-01-17 13:14:10 - [TEST_STEP][PASSED] - click(findTestObject("Page_Gemobile_Venda/Page VendaMenu_VendaBotao/Bt_Buscar")): Object: 'Object Repository/Page_Gemobile_Venda/Page VendaMenu_VendaBotao/Bt_Buscar' is clicked on

2019-01-17 13:14:11 - [MESSAGE][PASSED] - Object: 'Object Repository/Page_Gemobile_Venda/Page VendaMenu_VendaBotao/Bt_Buscar' is clicked on

2019-01-17 13:14:11 - [TEST_STEP][PASSED] - waitForElementPresent(findTestObject("Page_Gemobile_Venda/Page VendaMenu_VendaBotao/imgConfirmar"), 0): Object 'Object Repository/Page_Gemobile_Venda/Page VendaMenu_VendaBotao/imgConfirmar' is present

2019-01-17 13:14:11 - [MESSAGE][WARNING] - Timeout '0' is invalid. Using default page load timeout: '30'

2019-01-17 13:14:12 - [MESSAGE][PASSED] - Object 'Object Repository/Page_Gemobile_Venda/Page VendaMenu_VendaBotao/imgConfirmar' is present

2019-01-17 13:14:12 - [TEST_STEP][PASSED] - click(findTestObject("Page_Gemobile_Venda/Page VendaMenu_VendaBotao/imgConfirmar")): Object: 'Object Repository/Page_Gemobile_Venda/Page VendaMenu_VendaBotao/imgConfirmar' is clicked on

2019-01-17 13:14:12 - [MESSAGE][PASSED] - Object: 'Object Repository/Page_Gemobile_Venda/Page VendaMenu_VendaBotao/imgConfirmar' is clicked on

2019-01-17 13:14:12 - [TEST_STEP][PASSED] - acceptAlert(): Alert accepted

2019-01-17 13:14:12 - [MESSAGE][PASSED] - Alert accepted

2019-01-17 13:14:12 - [TEST_STEP][PASSED] - delay(2): Delayed 2 second(s)

2019-01-17 13:14:14 - [MESSAGE][PASSED] - Delayed 2 second(s)

2019-01-17 13:14:14 - [TEST_STEP][PASSED] - click(findTestObject("Page_Gemobile_Venda/Page VendaMenu_VendaBotao/Bt_SalvaProduto")): Object: 'Object Repository/Page_Gemobile_Venda/Page VendaMenu_VendaBotao/Bt_SalvaProduto' is clicked on

2019-01-17 13:14:15 - [MESSAGE][PASSED] - Object: 'Object Repository/Page_Gemobile_Venda/Page VendaMenu_VendaBotao/Bt_SalvaProduto' is clicked on

2019-01-17 13:14:15 - [TEST_STEP][PASSED] - delay(1): Delayed 1 second(s)

2019-01-17 13:14:16 - [MESSAGE][PASSED] - Delayed 1 second(s)

2019-01-17 13:14:16 - [TEST_STEP][PASSED] - click(findTestObject("Page_Gemobile_Venda/Page VendaMenu_VendaBotao/Bt_AvancaCad")): Object: 'Object Repository/Page_Gemobile_Venda/Page VendaMenu_VendaBotao/Bt_AvancaCad' is clicked on

2019-01-17 13:14:16 - [MESSAGE][PASSED] - Object: 'Object Repository/Page_Gemobile_Venda/Page VendaMenu_VendaBotao/Bt_AvancaCad' is clicked on

2019-01-17 13:14:16 - [TEST_STEP][PASSED] - waitForElementPresent(findTestObject("Page_Gemobile_Venda/Page VendaMenu_VendaBotao/ModalPagamento"), 0): Object 'Object Repository/Page_Gemobile_Venda/Page VendaMenu_VendaBotao/ModalPagamento' is present

2019-01-17 13:14:16 - [MESSAGE][WARNING] - Timeout '0' is invalid. Using default page load timeout: '30'

2019-01-17 13:14:16 - [MESSAGE][PASSED] - Object 'Object Repository/Page_Gemobile_Venda/Page VendaMenu_VendaBotao/ModalPagamento' is present

2019-01-17 13:14:16 - [TEST_STEP][PASSED] - click(findTestObject("Page_Gemobile_Venda/Page VendaMenu_VendaBotao/OpPag_Dinheiro")): Object: 'Object Repository/Page_Gemobile_Venda/Page VendaMenu_VendaBotao/OpPag_Dinheiro' is clicked on

2019-01-17 13:14:16 - [MESSAGE][PASSED] - Object: 'Object Repository/Page_Gemobile_Venda/Page VendaMenu_VendaBotao/OpPag_Dinheiro' is clicked on

2019-01-17 13:14:16 - [TEST_STEP][PASSED] - click(findTestObject("Page_Gemobile_Venda/Page VendaMenu_VendaBotao/Bt_AddPag")): Object: 'Object Repository/Page_Gemobile_Venda/Page VendaMenu_VendaBotao/Bt_AddPag' is clicked on

2019-01-17 13:14:16 - [MESSAGE][PASSED] - Object: 'Object Repository/Page_Gemobile_Venda/Page VendaMenu_VendaBotao/Bt_AddPag' is clicked on

2019-01-17 13:14:16 - [TEST_STEP][PASSED] - click(findTestObject("Page_Gemobile_Venda/Page VendaMenu_VendaBotao/Bt_SalvarPag")): Object: 'Object Repository/Page_Gemobile_Venda/Page VendaMenu_VendaBotao/Bt_SalvarPag' is clicked on

2019-01-17 13:14:16 - [MESSAGE][PASSED] - Object: 'Object Repository/Page_Gemobile_Venda/Page VendaMenu_VendaBotao/Bt_SalvarPag' is clicked on

2019-01-17 13:14:16 - [TEST_STEP][PASSED] - waitForAlert(1): No alert found after 1 second(s).

2019-01-17 13:14:17 - [MESSAGE][WARNING] - No alert found after 1 second(s).

2019-01-17 13:14:17 - [TEST_STEP][PASSED] - click(findTestObject("Page_Gemobile_Venda/Page VendaMenu_VendaBotao/Fechar_Alert"), STOP_ON_FAILURE): Object: 'Object Repository/Page_Gemobile_Venda/Page VendaMenu_VendaBotao/Fechar_Alert' is clicked on

2019-01-17 13:14:18 - [MESSAGE][PASSED] - Object: 'Object Repository/Page_Gemobile_Venda/Page VendaMenu_VendaBotao/Fechar_Alert' is clicked on

2019-01-17 13:14:18 - [TEST_STEP][PASSED] - setText(findTestObject("Page_Gemobile_TelaLogin/SetCampoLogin"), "proprietário.open"): Text 'proprietário.open' is set on object 'Object Repository/Page_Gemobile_TelaLogin/SetCampoLogin'

2019-01-17 13:14:18 - [MESSAGE][PASSED] - Text 'proprietário.open' is set on object 'Object Repository/Page_Gemobile_TelaLogin/SetCampoLogin'

2019-01-17 13:14:18 - [TEST_STEP][PASSED] - setText(findTestObject("Page_Gemobile_TelaLogin/SetCampoSenha"), "venus2018"): Text 'venus2018' is set on object 'Object Repository/Page_Gemobile_TelaLogin/SetCampoSenha'

2019-01-17 13:14:19 - [MESSAGE][PASSED] - Text 'venus2018' is set on object 'Object Repository/Page_Gemobile_TelaLogin/SetCampoSenha'

2019-01-17 13:14:19 - [TEST_STEP][PASSED] - click(findTestObject("Page_Gemobile_Venda/Page VendaMenu_VendaBotao/Bt_SalvarAuten")): Object: 'Object Repository/Page_Gemobile_Venda/Page VendaMenu_VendaBotao/Bt_SalvarAuten' is clicked on

2019-01-17 13:14:19 - [MESSAGE][PASSED] - Object: 'Object Repository/Page_Gemobile_Venda/Page VendaMenu_VendaBotao/Bt_SalvarAuten' is clicked on

2019-01-17 13:14:19 - [TEST_STEP][PASSED] - click(findTestObject("Page_Gemobile_Venda/Page VendaMenu_VendaBotao/Bt_SalvarPag")): Object: 'Object Repository/Page_Gemobile_Venda/Page VendaMenu_VendaBotao/Bt_SalvarPag' is clicked on

2019-01-17 13:14:19 - [MESSAGE][PASSED] - Object: 'Object Repository/Page_Gemobile_Venda/Page VendaMenu_VendaBotao/Bt_SalvarPag' is clicked on

2019-01-17 13:14:19 - [TEST_STEP][PASSED] - verifyElementPresent(findTestObject("Page_Gemobile_Venda/Page VendaMenu_VendaBotao/Alert_VendaInseridaComSucesso"), 0): Object 'Object Repository/Page_Gemobile_Venda/Page VendaMenu_VendaBotao/Alert_VendaInseridaComSucesso' is present

2019-01-17 13:14:19 - [MESSAGE][WARNING] - Timeout '0' is invalid. Using default page load timeout: '30'

2019-01-17 13:14:19 - [MESSAGE][PASSED] - Object 'Object Repository/Page_Gemobile_Venda/Page VendaMenu_VendaBotao/Alert_VendaInseridaComSucesso' is present]]></system-out>
         <system-err><![CDATA[]]></system-err>
      </testcase>
      <testcase name="Test Cases/Teste Venda/Teste_Cancelar_Venda" classname="Test Cases/Teste Venda/Teste_Cancelar_Venda" status="PASSED">
         <system-out><![CDATA[2019-01-17 13:14:19 - [TEST_CASE][PASSED] - Test Cases/Teste Venda/Teste_Cancelar_Venda: Test Cases/Teste Venda/Teste_Cancelar_Venda

2019-01-17 13:14:19 - [TEST_STEP][PASSED] - callTestCase(findTestCase("Teste Venda/Teste_Venda_BotaoVenda"), [:], STOP_ON_FAILURE): Call Test Case 'Test Cases/Teste Venda/Teste_Venda_BotaoVenda' successfully

2019-01-17 13:14:20 - [TEST_CASE][PASSED] - Test Cases/Teste Venda/Teste_Venda_BotaoVenda: Test Cases/Teste Venda/Teste_Venda_BotaoVenda

2019-01-17 13:14:20 - [TEST_STEP][PASSED] - callTestCase(findTestCase("Teste Tela de Login/Teste Login Valido"), [:], STOP_ON_FAILURE): Call Test Case 'Test Cases/Teste Tela de Login/Teste Login Valido' successfully

2019-01-17 13:14:20 - [TEST_CASE][PASSED] - Test Cases/Teste Tela de Login/Teste Login Valido: Test Cases/Teste Tela de Login/Teste Login Valido

2019-01-17 13:14:20 - [TEST_STEP][PASSED] - openBrowser(""): Browser is opened with url: ''

2019-01-17 13:14:20 - [MESSAGE][WARNING] - A browser is already opened. Closing browser and opening a new one

2019-01-17 13:14:21 - [MESSAGE][INFO] - Starting 'Chrome' driver

2019-01-17 13:14:23 - [MESSAGE][PASSED] - Browser is opened with url: ''

2019-01-17 13:14:23 - [TEST_STEP][PASSED] - navigateToUrl("https://gemobile-beta.before.com.br/app/"): Navigate to 'https://gemobile-beta.before.com.br/app/' successfully

2019-01-17 13:14:27 - [MESSAGE][PASSED] - Navigate to 'https://gemobile-beta.before.com.br/app/' successfully

2019-01-17 13:14:27 - [TEST_STEP][PASSED] - maximizeWindow(): Current window maximized

2019-01-17 13:14:28 - [MESSAGE][PASSED] - Current window maximized

2019-01-17 13:14:28 - [TEST_STEP][PASSED] - waitForElementPresent(findTestObject("Page_Gemobile_TelaLogin/FormLoginSenha"), 30): Object 'Object Repository/Page_Gemobile_TelaLogin/FormLoginSenha' is present

2019-01-17 13:14:28 - [MESSAGE][PASSED] - Object 'Object Repository/Page_Gemobile_TelaLogin/FormLoginSenha' is present

2019-01-17 13:14:28 - [TEST_STEP][PASSED] - setText(findTestObject("Page_Gemobile_TelaLogin/SetCampoLogin"), "proprietário.open"): Text 'proprietário.open' is set on object 'Object Repository/Page_Gemobile_TelaLogin/SetCampoLogin'

2019-01-17 13:14:28 - [MESSAGE][PASSED] - Text 'proprietário.open' is set on object 'Object Repository/Page_Gemobile_TelaLogin/SetCampoLogin'

2019-01-17 13:14:28 - [TEST_STEP][PASSED] - setText(findTestObject("Page_Gemobile_TelaLogin/SetCampoSenha"), "venus2018"): Text 'venus2018' is set on object 'Object Repository/Page_Gemobile_TelaLogin/SetCampoSenha'

2019-01-17 13:14:28 - [MESSAGE][PASSED] - Text 'venus2018' is set on object 'Object Repository/Page_Gemobile_TelaLogin/SetCampoSenha'

2019-01-17 13:14:28 - [TEST_STEP][PASSED] - click(findTestObject("Page_Gemobile_TelaLogin/Bt_Entrar")): Object: 'Object Repository/Page_Gemobile_TelaLogin/Bt_Entrar' is clicked on

2019-01-17 13:14:29 - [MESSAGE][PASSED] - Object: 'Object Repository/Page_Gemobile_TelaLogin/Bt_Entrar' is clicked on

2019-01-17 13:14:29 - [TEST_STEP][PASSED] - waitForElementPresent(findTestObject("Page_Gemobile_TelaLogin/imgLogoTelaInicial"), 5): Object 'Object Repository/Page_Gemobile_TelaLogin/imgLogoTelaInicial' is present

2019-01-17 13:14:33 - [MESSAGE][PASSED] - Object 'Object Repository/Page_Gemobile_TelaLogin/imgLogoTelaInicial' is present

2019-01-17 13:14:33 - [MESSAGE][PASSED] - Call Test Case 'Test Cases/Teste Tela de Login/Teste Login Valido' successfully

2019-01-17 13:14:33 - [TEST_STEP][PASSED] - click(findTestObject("Page_Gemobile_Venda/Page VendaMenu_VendaBotao/Bt_RealizarVenda")): Object: 'Object Repository/Page_Gemobile_Venda/Page VendaMenu_VendaBotao/Bt_RealizarVenda' is clicked on

2019-01-17 13:14:34 - [MESSAGE][PASSED] - Object: 'Object Repository/Page_Gemobile_Venda/Page VendaMenu_VendaBotao/Bt_RealizarVenda' is clicked on

2019-01-17 13:14:34 - [TEST_STEP][PASSED] - waitForElementVisible(findTestObject("Page_Gemobile_Venda/Page VendaMenu_VendaBotao/FormCadastro"), 0): Object 'Object Repository/Page_Gemobile_Venda/Page VendaMenu_VendaBotao/FormCadastro' is visible

2019-01-17 13:14:34 - [MESSAGE][WARNING] - Timeout '0' is invalid. Using default page load timeout: '30'

2019-01-17 13:14:34 - [MESSAGE][PASSED] - Object 'Object Repository/Page_Gemobile_Venda/Page VendaMenu_VendaBotao/FormCadastro' is visible

2019-01-17 13:14:34 - [TEST_STEP][PASSED] - selectOptionByValue(findTestObject("Page_Gemobile_Venda/Page VendaMenu_VendaBotao/Select_EscolhaFilial"), "39", false): All options with value '39' are selected in object 'Object Repository/Page_Gemobile_Venda/Page VendaMenu_VendaBotao/Select_EscolhaFilial' 

2019-01-17 13:14:35 - [MESSAGE][PASSED] - All options with value '39' are selected in object 'Object Repository/Page_Gemobile_Venda/Page VendaMenu_VendaBotao/Select_EscolhaFilial' 

2019-01-17 13:14:35 - [TEST_STEP][PASSED] - delay(1): Delayed 1 second(s)

2019-01-17 13:14:36 - [MESSAGE][PASSED] - Delayed 1 second(s)

2019-01-17 13:14:36 - [TEST_STEP][PASSED] - selectOptionByValue(findTestObject("Page_Gemobile_Venda/Page VendaMenu_VendaBotao/Select_Escolha...Caixa"), "1", false): All options with value '1' are selected in object 'Object Repository/Page_Gemobile_Venda/Page VendaMenu_VendaBotao/Select_Escolha...Caixa' 

2019-01-17 13:14:36 - [MESSAGE][PASSED] - All options with value '1' are selected in object 'Object Repository/Page_Gemobile_Venda/Page VendaMenu_VendaBotao/Select_Escolha...Caixa' 

2019-01-17 13:14:36 - [TEST_STEP][PASSED] - click(findTestObject("Page_Gemobile_Venda/Page VendaMenu_VendaBotao/Bt_AvancaCad")): Object: 'Object Repository/Page_Gemobile_Venda/Page VendaMenu_VendaBotao/Bt_AvancaCad' is clicked on

2019-01-17 13:14:36 - [MESSAGE][PASSED] - Object: 'Object Repository/Page_Gemobile_Venda/Page VendaMenu_VendaBotao/Bt_AvancaCad' is clicked on

2019-01-17 13:14:36 - [TEST_STEP][PASSED] - waitForElementPresent(findTestObject("Page_Gemobile_Venda/Page VendaMenu_VendaBotao/SelecionarOpDeCliente"), 0): Object 'Object Repository/Page_Gemobile_Venda/Page VendaMenu_VendaBotao/SelecionarOpDeCliente' is present

2019-01-17 13:14:36 - [MESSAGE][WARNING] - Timeout '0' is invalid. Using default page load timeout: '30'

2019-01-17 13:14:36 - [MESSAGE][PASSED] - Object 'Object Repository/Page_Gemobile_Venda/Page VendaMenu_VendaBotao/SelecionarOpDeCliente' is present

2019-01-17 13:14:36 - [TEST_STEP][PASSED] - click(findTestObject("Page_Gemobile_Venda/Page VendaMenu_VendaBotao/SelecionaCelular")): Object: 'Object Repository/Page_Gemobile_Venda/Page VendaMenu_VendaBotao/SelecionaCelular' is clicked on

2019-01-17 13:14:37 - [MESSAGE][PASSED] - Object: 'Object Repository/Page_Gemobile_Venda/Page VendaMenu_VendaBotao/SelecionaCelular' is clicked on

2019-01-17 13:14:37 - [TEST_STEP][PASSED] - setText(findTestObject("Page_Gemobile_Venda/Page VendaMenu_VendaBotao/SetCampoCelular"), "0000"): Text '0000' is set on object 'Object Repository/Page_Gemobile_Venda/Page VendaMenu_VendaBotao/SetCampoCelular'

2019-01-17 13:14:37 - [MESSAGE][PASSED] - Text '0000' is set on object 'Object Repository/Page_Gemobile_Venda/Page VendaMenu_VendaBotao/SetCampoCelular'

2019-01-17 13:14:37 - [TEST_STEP][PASSED] - delay(2, STOP_ON_FAILURE): Delayed 2 second(s)

2019-01-17 13:14:39 - [MESSAGE][PASSED] - Delayed 2 second(s)

2019-01-17 13:14:39 - [TEST_STEP][PASSED] - click(findTestObject("Page_Gemobile_Venda/Page VendaMenu_VendaBotao/li_00 00000-0000 - Teste Katal")): Object: 'Object Repository/Page_Gemobile_Venda/Page VendaMenu_VendaBotao/li_00 00000-0000 - Teste Katal' is clicked on

2019-01-17 13:14:39 - [MESSAGE][PASSED] - Object: 'Object Repository/Page_Gemobile_Venda/Page VendaMenu_VendaBotao/li_00 00000-0000 - Teste Katal' is clicked on

2019-01-17 13:14:39 - [TEST_STEP][PASSED] - click(findTestObject("Page_Gemobile_Venda/Page VendaMenu_VendaBotao/FormClienteClick")): Object: 'Object Repository/Page_Gemobile_Venda/Page VendaMenu_VendaBotao/FormClienteClick' is clicked on

2019-01-17 13:14:39 - [MESSAGE][PASSED] - Object: 'Object Repository/Page_Gemobile_Venda/Page VendaMenu_VendaBotao/FormClienteClick' is clicked on

2019-01-17 13:14:39 - [TEST_STEP][PASSED] - delay(1): Delayed 1 second(s)

2019-01-17 13:14:40 - [MESSAGE][PASSED] - Delayed 1 second(s)

2019-01-17 13:14:40 - [TEST_STEP][PASSED] - click(findTestObject("Page_Gemobile_Venda/Page VendaMenu_VendaBotao/Bt_AvancaCad")): Object: 'Object Repository/Page_Gemobile_Venda/Page VendaMenu_VendaBotao/Bt_AvancaCad' is clicked on

2019-01-17 13:14:41 - [MESSAGE][PASSED] - Object: 'Object Repository/Page_Gemobile_Venda/Page VendaMenu_VendaBotao/Bt_AvancaCad' is clicked on

2019-01-17 13:14:41 - [TEST_STEP][PASSED] - delay(1): Delayed 1 second(s)

2019-01-17 13:14:42 - [MESSAGE][PASSED] - Delayed 1 second(s)

2019-01-17 13:14:42 - [TEST_STEP][PASSED] - click(findTestObject("Page_Gemobile_Venda/Page VendaMenu_VendaBotao/OpProduto")): Object: 'Object Repository/Page_Gemobile_Venda/Page VendaMenu_VendaBotao/OpProduto' is clicked on

2019-01-17 13:14:42 - [MESSAGE][PASSED] - Object: 'Object Repository/Page_Gemobile_Venda/Page VendaMenu_VendaBotao/OpProduto' is clicked on

2019-01-17 13:14:42 - [TEST_STEP][PASSED] - click(findTestObject("Page_Gemobile_Venda/Page VendaMenu_VendaBotao/OpProdPorModelo")): Object: 'Object Repository/Page_Gemobile_Venda/Page VendaMenu_VendaBotao/OpProdPorModelo' is clicked on

2019-01-17 13:14:42 - [MESSAGE][PASSED] - Object: 'Object Repository/Page_Gemobile_Venda/Page VendaMenu_VendaBotao/OpProdPorModelo' is clicked on

2019-01-17 13:14:42 - [TEST_STEP][PASSED] - setText(findTestObject("Page_Gemobile_Venda/Page VendaMenu_VendaBotao/SetCampoModelo"), "XT171"): Text 'XT171' is set on object 'Object Repository/Page_Gemobile_Venda/Page VendaMenu_VendaBotao/SetCampoModelo'

2019-01-17 13:14:43 - [MESSAGE][PASSED] - Text 'XT171' is set on object 'Object Repository/Page_Gemobile_Venda/Page VendaMenu_VendaBotao/SetCampoModelo'

2019-01-17 13:14:43 - [TEST_STEP][PASSED] - delay(2, STOP_ON_FAILURE): Delayed 2 second(s)

2019-01-17 13:14:45 - [MESSAGE][PASSED] - Delayed 2 second(s)

2019-01-17 13:14:45 - [TEST_STEP][PASSED] - click(findTestObject("Page_Gemobile_Venda/Page VendaMenu_VendaBotao/li_Teste XT1710 Branco MOTOROL1")): Object: 'Object Repository/Page_Gemobile_Venda/Page VendaMenu_VendaBotao/li_Teste XT1710 Branco MOTOROL1' is clicked on

2019-01-17 13:14:45 - [MESSAGE][PASSED] - Object: 'Object Repository/Page_Gemobile_Venda/Page VendaMenu_VendaBotao/li_Teste XT1710 Branco MOTOROL1' is clicked on

2019-01-17 13:14:45 - [TEST_STEP][PASSED] - click(findTestObject("Page_Gemobile_Venda/Page VendaMenu_VendaBotao/Bt_Buscar")): Object: 'Object Repository/Page_Gemobile_Venda/Page VendaMenu_VendaBotao/Bt_Buscar' is clicked on

2019-01-17 13:14:45 - [MESSAGE][PASSED] - Object: 'Object Repository/Page_Gemobile_Venda/Page VendaMenu_VendaBotao/Bt_Buscar' is clicked on

2019-01-17 13:14:45 - [TEST_STEP][PASSED] - waitForElementPresent(findTestObject("Page_Gemobile_Venda/Page VendaMenu_VendaBotao/imgConfirmar"), 3): Object 'Object Repository/Page_Gemobile_Venda/Page VendaMenu_VendaBotao/imgConfirmar' is present

2019-01-17 13:14:47 - [MESSAGE][PASSED] - Object 'Object Repository/Page_Gemobile_Venda/Page VendaMenu_VendaBotao/imgConfirmar' is present

2019-01-17 13:14:47 - [TEST_STEP][PASSED] - click(findTestObject("Page_Gemobile_Venda/Page VendaMenu_VendaBotao/imgConfirmar")): Object: 'Object Repository/Page_Gemobile_Venda/Page VendaMenu_VendaBotao/imgConfirmar' is clicked on

2019-01-17 13:14:47 - [MESSAGE][PASSED] - Object: 'Object Repository/Page_Gemobile_Venda/Page VendaMenu_VendaBotao/imgConfirmar' is clicked on

2019-01-17 13:14:47 - [TEST_STEP][PASSED] - acceptAlert(): Alert accepted

2019-01-17 13:14:47 - [MESSAGE][PASSED] - Alert accepted

2019-01-17 13:14:47 - [TEST_STEP][PASSED] - delay(2): Delayed 2 second(s)

2019-01-17 13:14:49 - [MESSAGE][PASSED] - Delayed 2 second(s)

2019-01-17 13:14:49 - [TEST_STEP][PASSED] - click(findTestObject("Page_Gemobile_Venda/Page VendaMenu_VendaBotao/Bt_SalvaProduto")): Object: 'Object Repository/Page_Gemobile_Venda/Page VendaMenu_VendaBotao/Bt_SalvaProduto' is clicked on

2019-01-17 13:14:49 - [MESSAGE][PASSED] - Object: 'Object Repository/Page_Gemobile_Venda/Page VendaMenu_VendaBotao/Bt_SalvaProduto' is clicked on

2019-01-17 13:14:49 - [TEST_STEP][PASSED] - delay(1): Delayed 1 second(s)

2019-01-17 13:14:50 - [MESSAGE][PASSED] - Delayed 1 second(s)

2019-01-17 13:14:50 - [TEST_STEP][PASSED] - click(findTestObject("Page_Gemobile_Venda/Page VendaMenu_VendaBotao/Bt_AvancaCad")): Object: 'Object Repository/Page_Gemobile_Venda/Page VendaMenu_VendaBotao/Bt_AvancaCad' is clicked on

2019-01-17 13:14:50 - [MESSAGE][PASSED] - Object: 'Object Repository/Page_Gemobile_Venda/Page VendaMenu_VendaBotao/Bt_AvancaCad' is clicked on

2019-01-17 13:14:50 - [TEST_STEP][PASSED] - waitForElementPresent(findTestObject("Page_Gemobile_Venda/Page VendaMenu_VendaBotao/ModalPagamento"), 0): Object 'Object Repository/Page_Gemobile_Venda/Page VendaMenu_VendaBotao/ModalPagamento' is present

2019-01-17 13:14:50 - [MESSAGE][WARNING] - Timeout '0' is invalid. Using default page load timeout: '30'

2019-01-17 13:14:50 - [MESSAGE][PASSED] - Object 'Object Repository/Page_Gemobile_Venda/Page VendaMenu_VendaBotao/ModalPagamento' is present

2019-01-17 13:14:50 - [TEST_STEP][PASSED] - click(findTestObject("Page_Gemobile_Venda/Page VendaMenu_VendaBotao/OpPag_Dinheiro")): Object: 'Object Repository/Page_Gemobile_Venda/Page VendaMenu_VendaBotao/OpPag_Dinheiro' is clicked on

2019-01-17 13:14:50 - [MESSAGE][PASSED] - Object: 'Object Repository/Page_Gemobile_Venda/Page VendaMenu_VendaBotao/OpPag_Dinheiro' is clicked on

2019-01-17 13:14:50 - [TEST_STEP][PASSED] - click(findTestObject("Page_Gemobile_Venda/Page VendaMenu_VendaBotao/Bt_AddPag")): Object: 'Object Repository/Page_Gemobile_Venda/Page VendaMenu_VendaBotao/Bt_AddPag' is clicked on

2019-01-17 13:14:50 - [MESSAGE][PASSED] - Object: 'Object Repository/Page_Gemobile_Venda/Page VendaMenu_VendaBotao/Bt_AddPag' is clicked on

2019-01-17 13:14:50 - [TEST_STEP][PASSED] - click(findTestObject("Page_Gemobile_Venda/Page VendaMenu_VendaBotao/Bt_SalvarPag")): Object: 'Object Repository/Page_Gemobile_Venda/Page VendaMenu_VendaBotao/Bt_SalvarPag' is clicked on

2019-01-17 13:14:51 - [MESSAGE][PASSED] - Object: 'Object Repository/Page_Gemobile_Venda/Page VendaMenu_VendaBotao/Bt_SalvarPag' is clicked on

2019-01-17 13:14:51 - [TEST_STEP][PASSED] - waitForAlert(1): No alert found after 1 second(s).

2019-01-17 13:14:52 - [MESSAGE][WARNING] - No alert found after 1 second(s).

2019-01-17 13:14:52 - [TEST_STEP][PASSED] - click(findTestObject("Page_Gemobile_Venda/Page VendaMenu_VendaBotao/Fechar_Alert"), STOP_ON_FAILURE): Object: 'Object Repository/Page_Gemobile_Venda/Page VendaMenu_VendaBotao/Fechar_Alert' is clicked on

2019-01-17 13:14:52 - [MESSAGE][PASSED] - Object: 'Object Repository/Page_Gemobile_Venda/Page VendaMenu_VendaBotao/Fechar_Alert' is clicked on

2019-01-17 13:14:52 - [TEST_STEP][PASSED] - setText(findTestObject("Page_Gemobile_TelaLogin/SetCampoLogin"), "proprietário.open"): Text 'proprietário.open' is set on object 'Object Repository/Page_Gemobile_TelaLogin/SetCampoLogin'

2019-01-17 13:14:53 - [MESSAGE][PASSED] - Text 'proprietário.open' is set on object 'Object Repository/Page_Gemobile_TelaLogin/SetCampoLogin'

2019-01-17 13:14:53 - [TEST_STEP][PASSED] - setText(findTestObject("Page_Gemobile_TelaLogin/SetCampoSenha"), "venus2018"): Text 'venus2018' is set on object 'Object Repository/Page_Gemobile_TelaLogin/SetCampoSenha'

2019-01-17 13:14:53 - [MESSAGE][PASSED] - Text 'venus2018' is set on object 'Object Repository/Page_Gemobile_TelaLogin/SetCampoSenha'

2019-01-17 13:14:53 - [TEST_STEP][PASSED] - click(findTestObject("Page_Gemobile_Venda/Page VendaMenu_VendaBotao/Bt_SalvarAuten")): Object: 'Object Repository/Page_Gemobile_Venda/Page VendaMenu_VendaBotao/Bt_SalvarAuten' is clicked on

2019-01-17 13:14:53 - [MESSAGE][PASSED] - Object: 'Object Repository/Page_Gemobile_Venda/Page VendaMenu_VendaBotao/Bt_SalvarAuten' is clicked on

2019-01-17 13:14:53 - [TEST_STEP][PASSED] - click(findTestObject("Page_Gemobile_Venda/Page VendaMenu_VendaBotao/Bt_SalvarPag")): Object: 'Object Repository/Page_Gemobile_Venda/Page VendaMenu_VendaBotao/Bt_SalvarPag' is clicked on

2019-01-17 13:14:53 - [MESSAGE][PASSED] - Object: 'Object Repository/Page_Gemobile_Venda/Page VendaMenu_VendaBotao/Bt_SalvarPag' is clicked on

2019-01-17 13:14:53 - [TEST_STEP][PASSED] - verifyElementPresent(findTestObject("Page_Gemobile_Venda/Page VendaMenu_VendaBotao/Alert_VendaInseridaComSucesso"), 0): Object 'Object Repository/Page_Gemobile_Venda/Page VendaMenu_VendaBotao/Alert_VendaInseridaComSucesso' is present

2019-01-17 13:14:53 - [MESSAGE][WARNING] - Timeout '0' is invalid. Using default page load timeout: '30'

2019-01-17 13:14:53 - [MESSAGE][PASSED] - Object 'Object Repository/Page_Gemobile_Venda/Page VendaMenu_VendaBotao/Alert_VendaInseridaComSucesso' is present

2019-01-17 13:14:53 - [MESSAGE][PASSED] - Call Test Case 'Test Cases/Teste Venda/Teste_Venda_BotaoVenda' successfully

2019-01-17 13:14:53 - [TEST_STEP][PASSED] - click(findTestObject("Page_Gemobile_Venda/Page Cancelar Venda/OpAcoes")): Object: 'Object Repository/Page_Gemobile_Venda/Page Cancelar Venda/OpAcoes' is clicked on

2019-01-17 13:14:55 - [MESSAGE][PASSED] - Object: 'Object Repository/Page_Gemobile_Venda/Page Cancelar Venda/OpAcoes' is clicked on

2019-01-17 13:14:55 - [TEST_STEP][PASSED] - delay(3): Delayed 3 second(s)

2019-01-17 13:14:58 - [MESSAGE][PASSED] - Delayed 3 second(s)

2019-01-17 13:14:58 - [TEST_STEP][PASSED] - click(findTestObject("Page_Gemobile_Venda/Page Cancelar Venda/OpCancelar")): Object: 'Object Repository/Page_Gemobile_Venda/Page Cancelar Venda/OpCancelar' is clicked on

2019-01-17 13:14:58 - [MESSAGE][PASSED] - Object: 'Object Repository/Page_Gemobile_Venda/Page Cancelar Venda/OpCancelar' is clicked on

2019-01-17 13:14:58 - [TEST_STEP][PASSED] - waitForElementPresent(findTestObject("Page_Gemobile_Venda/Page Cancelar Venda/DivCancelarVenda"), 3): Object 'Object Repository/Page_Gemobile_Venda/Page Cancelar Venda/DivCancelarVenda' is not present after 3 second(s)

2019-01-17 13:15:01 - [MESSAGE][INFO] - Unable to find the element located by 'By.xpath: /html[1]/body[1]/div[14]/div[3]/div[1]/form[1]/table[1]/tbody[1]/tr[1]/td[2]/div[1]/textarea[1]'. Please recheck the objects properties to make sure the desired element is located. 

2019-01-17 13:15:01 - [MESSAGE][WARNING] - Object 'Object Repository/Page_Gemobile_Venda/Page Cancelar Venda/DivCancelarVenda' is not present after 3 second(s)

2019-01-17 13:15:01 - [TEST_STEP][PASSED] - setText(findTestObject("Page_Gemobile_Venda/Page Cancelar Venda/SetCampoMotivoCancelamento"), "Teste cancelar uma venda"): Text 'Teste cancelar uma venda' is set on object 'Object Repository/Page_Gemobile_Venda/Page Cancelar Venda/SetCampoMotivoCancelamento'

2019-01-17 13:15:02 - [MESSAGE][PASSED] - Text 'Teste cancelar uma venda' is set on object 'Object Repository/Page_Gemobile_Venda/Page Cancelar Venda/SetCampoMotivoCancelamento'

2019-01-17 13:15:02 - [TEST_STEP][PASSED] - click(findTestObject("Page_Gemobile_Venda/Page VendaMenu_VendaBotao/Bt_Motivo de Cancelamento")): Object: 'Object Repository/Page_Gemobile_Venda/Page VendaMenu_VendaBotao/Bt_Motivo de Cancelamento' is clicked on

2019-01-17 13:15:02 - [MESSAGE][PASSED] - Object: 'Object Repository/Page_Gemobile_Venda/Page VendaMenu_VendaBotao/Bt_Motivo de Cancelamento' is clicked on

2019-01-17 13:15:02 - [TEST_STEP][PASSED] - verifyElementPresent(findTestObject("Page_Gemobile_Venda/Page VendaMenu_VendaBotao/Alert_Venda cancelada com sucess"), 0): Object 'Object Repository/Page_Gemobile_Venda/Page VendaMenu_VendaBotao/Alert_Venda cancelada com sucess' is present

2019-01-17 13:15:02 - [MESSAGE][WARNING] - Timeout '0' is invalid. Using default page load timeout: '30'

2019-01-17 13:15:02 - [MESSAGE][PASSED] - Object 'Object Repository/Page_Gemobile_Venda/Page VendaMenu_VendaBotao/Alert_Venda cancelada com sucess' is present

2019-01-17 13:15:02 - [TEST_STEP][PASSED] - closeBrowser(): Browser is closed

2019-01-17 13:15:03 - [MESSAGE][PASSED] - Browser is closed]]></system-out>
         <system-err><![CDATA[]]></system-err>
      </testcase>
      <testcase name="Test Cases/Teste Venda/Teste_Venda_BotaoVenda" classname="Test Cases/Teste Venda/Teste_Venda_BotaoVenda" status="PASSED">
         <system-out><![CDATA[2019-01-17 13:15:03 - [TEST_CASE][PASSED] - Test Cases/Teste Venda/Teste_Venda_BotaoVenda: Test Cases/Teste Venda/Teste_Venda_BotaoVenda

2019-01-17 13:15:03 - [TEST_STEP][PASSED] - callTestCase(findTestCase("Teste Tela de Login/Teste Login Valido"), [:], STOP_ON_FAILURE): Call Test Case 'Test Cases/Teste Tela de Login/Teste Login Valido' successfully

2019-01-17 13:15:03 - [TEST_CASE][PASSED] - Test Cases/Teste Tela de Login/Teste Login Valido: Test Cases/Teste Tela de Login/Teste Login Valido

2019-01-17 13:15:03 - [TEST_STEP][PASSED] - openBrowser(""): Browser is opened with url: ''

2019-01-17 13:15:03 - [MESSAGE][INFO] - Starting 'Chrome' driver

2019-01-17 13:15:05 - [MESSAGE][PASSED] - Browser is opened with url: ''

2019-01-17 13:15:05 - [TEST_STEP][PASSED] - navigateToUrl("https://gemobile-beta.before.com.br/app/"): Navigate to 'https://gemobile-beta.before.com.br/app/' successfully

2019-01-17 13:15:08 - [MESSAGE][PASSED] - Navigate to 'https://gemobile-beta.before.com.br/app/' successfully

2019-01-17 13:15:08 - [TEST_STEP][PASSED] - maximizeWindow(): Current window maximized

2019-01-17 13:15:09 - [MESSAGE][PASSED] - Current window maximized

2019-01-17 13:15:09 - [TEST_STEP][PASSED] - waitForElementPresent(findTestObject("Page_Gemobile_TelaLogin/FormLoginSenha"), 30): Object 'Object Repository/Page_Gemobile_TelaLogin/FormLoginSenha' is present

2019-01-17 13:15:09 - [MESSAGE][PASSED] - Object 'Object Repository/Page_Gemobile_TelaLogin/FormLoginSenha' is present

2019-01-17 13:15:09 - [TEST_STEP][PASSED] - setText(findTestObject("Page_Gemobile_TelaLogin/SetCampoLogin"), "proprietário.open"): Text 'proprietário.open' is set on object 'Object Repository/Page_Gemobile_TelaLogin/SetCampoLogin'

2019-01-17 13:15:09 - [MESSAGE][PASSED] - Text 'proprietário.open' is set on object 'Object Repository/Page_Gemobile_TelaLogin/SetCampoLogin'

2019-01-17 13:15:09 - [TEST_STEP][PASSED] - setText(findTestObject("Page_Gemobile_TelaLogin/SetCampoSenha"), "venus2018"): Text 'venus2018' is set on object 'Object Repository/Page_Gemobile_TelaLogin/SetCampoSenha'

2019-01-17 13:15:09 - [MESSAGE][PASSED] - Text 'venus2018' is set on object 'Object Repository/Page_Gemobile_TelaLogin/SetCampoSenha'

2019-01-17 13:15:09 - [TEST_STEP][PASSED] - click(findTestObject("Page_Gemobile_TelaLogin/Bt_Entrar")): Object: 'Object Repository/Page_Gemobile_TelaLogin/Bt_Entrar' is clicked on

2019-01-17 13:15:09 - [MESSAGE][PASSED] - Object: 'Object Repository/Page_Gemobile_TelaLogin/Bt_Entrar' is clicked on

2019-01-17 13:15:09 - [TEST_STEP][PASSED] - waitForElementPresent(findTestObject("Page_Gemobile_TelaLogin/imgLogoTelaInicial"), 5): Object 'Object Repository/Page_Gemobile_TelaLogin/imgLogoTelaInicial' is present

2019-01-17 13:15:15 - [MESSAGE][PASSED] - Object 'Object Repository/Page_Gemobile_TelaLogin/imgLogoTelaInicial' is present

2019-01-17 13:15:15 - [MESSAGE][PASSED] - Call Test Case 'Test Cases/Teste Tela de Login/Teste Login Valido' successfully

2019-01-17 13:15:15 - [TEST_STEP][PASSED] - click(findTestObject("Page_Gemobile_Venda/Page VendaMenu_VendaBotao/Bt_RealizarVenda")): Object: 'Object Repository/Page_Gemobile_Venda/Page VendaMenu_VendaBotao/Bt_RealizarVenda' is clicked on

2019-01-17 13:15:16 - [MESSAGE][PASSED] - Object: 'Object Repository/Page_Gemobile_Venda/Page VendaMenu_VendaBotao/Bt_RealizarVenda' is clicked on

2019-01-17 13:15:16 - [TEST_STEP][PASSED] - waitForElementVisible(findTestObject("Page_Gemobile_Venda/Page VendaMenu_VendaBotao/FormCadastro"), 0): Object 'Object Repository/Page_Gemobile_Venda/Page VendaMenu_VendaBotao/FormCadastro' is visible

2019-01-17 13:15:16 - [MESSAGE][WARNING] - Timeout '0' is invalid. Using default page load timeout: '30'

2019-01-17 13:15:16 - [MESSAGE][PASSED] - Object 'Object Repository/Page_Gemobile_Venda/Page VendaMenu_VendaBotao/FormCadastro' is visible

2019-01-17 13:15:16 - [TEST_STEP][PASSED] - selectOptionByValue(findTestObject("Page_Gemobile_Venda/Page VendaMenu_VendaBotao/Select_EscolhaFilial"), "39", false): All options with value '39' are selected in object 'Object Repository/Page_Gemobile_Venda/Page VendaMenu_VendaBotao/Select_EscolhaFilial' 

2019-01-17 13:15:16 - [MESSAGE][PASSED] - All options with value '39' are selected in object 'Object Repository/Page_Gemobile_Venda/Page VendaMenu_VendaBotao/Select_EscolhaFilial' 

2019-01-17 13:15:16 - [TEST_STEP][PASSED] - delay(1): Delayed 1 second(s)

2019-01-17 13:15:17 - [MESSAGE][PASSED] - Delayed 1 second(s)

2019-01-17 13:15:17 - [TEST_STEP][PASSED] - selectOptionByValue(findTestObject("Page_Gemobile_Venda/Page VendaMenu_VendaBotao/Select_Escolha...Caixa"), "1", false): All options with value '1' are selected in object 'Object Repository/Page_Gemobile_Venda/Page VendaMenu_VendaBotao/Select_Escolha...Caixa' 

2019-01-17 13:15:18 - [MESSAGE][PASSED] - All options with value '1' are selected in object 'Object Repository/Page_Gemobile_Venda/Page VendaMenu_VendaBotao/Select_Escolha...Caixa' 

2019-01-17 13:15:18 - [TEST_STEP][PASSED] - click(findTestObject("Page_Gemobile_Venda/Page VendaMenu_VendaBotao/Bt_AvancaCad")): Object: 'Object Repository/Page_Gemobile_Venda/Page VendaMenu_VendaBotao/Bt_AvancaCad' is clicked on

2019-01-17 13:15:18 - [MESSAGE][PASSED] - Object: 'Object Repository/Page_Gemobile_Venda/Page VendaMenu_VendaBotao/Bt_AvancaCad' is clicked on

2019-01-17 13:15:18 - [TEST_STEP][PASSED] - waitForElementPresent(findTestObject("Page_Gemobile_Venda/Page VendaMenu_VendaBotao/SelecionarOpDeCliente"), 0): Object 'Object Repository/Page_Gemobile_Venda/Page VendaMenu_VendaBotao/SelecionarOpDeCliente' is present

2019-01-17 13:15:18 - [MESSAGE][WARNING] - Timeout '0' is invalid. Using default page load timeout: '30'

2019-01-17 13:15:18 - [MESSAGE][PASSED] - Object 'Object Repository/Page_Gemobile_Venda/Page VendaMenu_VendaBotao/SelecionarOpDeCliente' is present

2019-01-17 13:15:18 - [TEST_STEP][PASSED] - click(findTestObject("Page_Gemobile_Venda/Page VendaMenu_VendaBotao/SelecionaCelular")): Object: 'Object Repository/Page_Gemobile_Venda/Page VendaMenu_VendaBotao/SelecionaCelular' is clicked on

2019-01-17 13:15:18 - [MESSAGE][PASSED] - Object: 'Object Repository/Page_Gemobile_Venda/Page VendaMenu_VendaBotao/SelecionaCelular' is clicked on

2019-01-17 13:15:18 - [TEST_STEP][PASSED] - setText(findTestObject("Page_Gemobile_Venda/Page VendaMenu_VendaBotao/SetCampoCelular"), "0000"): Text '0000' is set on object 'Object Repository/Page_Gemobile_Venda/Page VendaMenu_VendaBotao/SetCampoCelular'

2019-01-17 13:15:18 - [MESSAGE][PASSED] - Text '0000' is set on object 'Object Repository/Page_Gemobile_Venda/Page VendaMenu_VendaBotao/SetCampoCelular'

2019-01-17 13:15:18 - [TEST_STEP][PASSED] - delay(2, STOP_ON_FAILURE): Delayed 2 second(s)

2019-01-17 13:15:20 - [MESSAGE][PASSED] - Delayed 2 second(s)

2019-01-17 13:15:20 - [TEST_STEP][PASSED] - click(findTestObject("Page_Gemobile_Venda/Page VendaMenu_VendaBotao/li_00 00000-0000 - Teste Katal")): Object: 'Object Repository/Page_Gemobile_Venda/Page VendaMenu_VendaBotao/li_00 00000-0000 - Teste Katal' is clicked on

2019-01-17 13:15:21 - [MESSAGE][PASSED] - Object: 'Object Repository/Page_Gemobile_Venda/Page VendaMenu_VendaBotao/li_00 00000-0000 - Teste Katal' is clicked on

2019-01-17 13:15:21 - [TEST_STEP][PASSED] - click(findTestObject("Page_Gemobile_Venda/Page VendaMenu_VendaBotao/FormClienteClick")): Object: 'Object Repository/Page_Gemobile_Venda/Page VendaMenu_VendaBotao/FormClienteClick' is clicked on

2019-01-17 13:15:21 - [MESSAGE][PASSED] - Object: 'Object Repository/Page_Gemobile_Venda/Page VendaMenu_VendaBotao/FormClienteClick' is clicked on

2019-01-17 13:15:21 - [TEST_STEP][PASSED] - delay(1): Delayed 1 second(s)

2019-01-17 13:15:22 - [MESSAGE][PASSED] - Delayed 1 second(s)

2019-01-17 13:15:22 - [TEST_STEP][PASSED] - click(findTestObject("Page_Gemobile_Venda/Page VendaMenu_VendaBotao/Bt_AvancaCad")): Object: 'Object Repository/Page_Gemobile_Venda/Page VendaMenu_VendaBotao/Bt_AvancaCad' is clicked on

2019-01-17 13:15:22 - [MESSAGE][PASSED] - Object: 'Object Repository/Page_Gemobile_Venda/Page VendaMenu_VendaBotao/Bt_AvancaCad' is clicked on

2019-01-17 13:15:22 - [TEST_STEP][PASSED] - delay(1): Delayed 1 second(s)

2019-01-17 13:15:23 - [MESSAGE][PASSED] - Delayed 1 second(s)

2019-01-17 13:15:23 - [TEST_STEP][PASSED] - click(findTestObject("Page_Gemobile_Venda/Page VendaMenu_VendaBotao/OpProduto")): Object: 'Object Repository/Page_Gemobile_Venda/Page VendaMenu_VendaBotao/OpProduto' is clicked on

2019-01-17 13:15:23 - [MESSAGE][PASSED] - Object: 'Object Repository/Page_Gemobile_Venda/Page VendaMenu_VendaBotao/OpProduto' is clicked on

2019-01-17 13:15:23 - [TEST_STEP][PASSED] - click(findTestObject("Page_Gemobile_Venda/Page VendaMenu_VendaBotao/OpProdPorModelo")): Object: 'Object Repository/Page_Gemobile_Venda/Page VendaMenu_VendaBotao/OpProdPorModelo' is clicked on

2019-01-17 13:15:23 - [MESSAGE][PASSED] - Object: 'Object Repository/Page_Gemobile_Venda/Page VendaMenu_VendaBotao/OpProdPorModelo' is clicked on

2019-01-17 13:15:23 - [TEST_STEP][PASSED] - setText(findTestObject("Page_Gemobile_Venda/Page VendaMenu_VendaBotao/SetCampoModelo"), "XT171"): Text 'XT171' is set on object 'Object Repository/Page_Gemobile_Venda/Page VendaMenu_VendaBotao/SetCampoModelo'

2019-01-17 13:15:24 - [MESSAGE][PASSED] - Text 'XT171' is set on object 'Object Repository/Page_Gemobile_Venda/Page VendaMenu_VendaBotao/SetCampoModelo'

2019-01-17 13:15:24 - [TEST_STEP][PASSED] - delay(2, STOP_ON_FAILURE): Delayed 2 second(s)

2019-01-17 13:15:26 - [MESSAGE][PASSED] - Delayed 2 second(s)

2019-01-17 13:15:26 - [TEST_STEP][PASSED] - click(findTestObject("Page_Gemobile_Venda/Page VendaMenu_VendaBotao/li_Teste XT1710 Branco MOTOROL1")): Object: 'Object Repository/Page_Gemobile_Venda/Page VendaMenu_VendaBotao/li_Teste XT1710 Branco MOTOROL1' is clicked on

2019-01-17 13:15:26 - [MESSAGE][PASSED] - Object: 'Object Repository/Page_Gemobile_Venda/Page VendaMenu_VendaBotao/li_Teste XT1710 Branco MOTOROL1' is clicked on

2019-01-17 13:15:26 - [TEST_STEP][PASSED] - click(findTestObject("Page_Gemobile_Venda/Page VendaMenu_VendaBotao/Bt_Buscar")): Object: 'Object Repository/Page_Gemobile_Venda/Page VendaMenu_VendaBotao/Bt_Buscar' is clicked on

2019-01-17 13:15:26 - [MESSAGE][PASSED] - Object: 'Object Repository/Page_Gemobile_Venda/Page VendaMenu_VendaBotao/Bt_Buscar' is clicked on

2019-01-17 13:15:26 - [TEST_STEP][PASSED] - waitForElementPresent(findTestObject("Page_Gemobile_Venda/Page VendaMenu_VendaBotao/imgConfirmar"), 3): Object 'Object Repository/Page_Gemobile_Venda/Page VendaMenu_VendaBotao/imgConfirmar' is present

2019-01-17 13:15:28 - [MESSAGE][PASSED] - Object 'Object Repository/Page_Gemobile_Venda/Page VendaMenu_VendaBotao/imgConfirmar' is present

2019-01-17 13:15:28 - [TEST_STEP][PASSED] - click(findTestObject("Page_Gemobile_Venda/Page VendaMenu_VendaBotao/imgConfirmar")): Object: 'Object Repository/Page_Gemobile_Venda/Page VendaMenu_VendaBotao/imgConfirmar' is clicked on

2019-01-17 13:15:28 - [MESSAGE][PASSED] - Object: 'Object Repository/Page_Gemobile_Venda/Page VendaMenu_VendaBotao/imgConfirmar' is clicked on

2019-01-17 13:15:28 - [TEST_STEP][PASSED] - acceptAlert(): Alert accepted

2019-01-17 13:15:28 - [MESSAGE][PASSED] - Alert accepted

2019-01-17 13:15:28 - [TEST_STEP][PASSED] - delay(2): Delayed 2 second(s)

2019-01-17 13:15:30 - [MESSAGE][PASSED] - Delayed 2 second(s)

2019-01-17 13:15:30 - [TEST_STEP][PASSED] - click(findTestObject("Page_Gemobile_Venda/Page VendaMenu_VendaBotao/Bt_SalvaProduto")): Object: 'Object Repository/Page_Gemobile_Venda/Page VendaMenu_VendaBotao/Bt_SalvaProduto' is clicked on

2019-01-17 13:15:30 - [MESSAGE][PASSED] - Object: 'Object Repository/Page_Gemobile_Venda/Page VendaMenu_VendaBotao/Bt_SalvaProduto' is clicked on

2019-01-17 13:15:30 - [TEST_STEP][PASSED] - delay(1): Delayed 1 second(s)

2019-01-17 13:15:31 - [MESSAGE][PASSED] - Delayed 1 second(s)

2019-01-17 13:15:31 - [TEST_STEP][PASSED] - click(findTestObject("Page_Gemobile_Venda/Page VendaMenu_VendaBotao/Bt_AvancaCad")): Object: 'Object Repository/Page_Gemobile_Venda/Page VendaMenu_VendaBotao/Bt_AvancaCad' is clicked on

2019-01-17 13:15:31 - [MESSAGE][PASSED] - Object: 'Object Repository/Page_Gemobile_Venda/Page VendaMenu_VendaBotao/Bt_AvancaCad' is clicked on

2019-01-17 13:15:31 - [TEST_STEP][PASSED] - waitForElementPresent(findTestObject("Page_Gemobile_Venda/Page VendaMenu_VendaBotao/ModalPagamento"), 0): Object 'Object Repository/Page_Gemobile_Venda/Page VendaMenu_VendaBotao/ModalPagamento' is present

2019-01-17 13:15:31 - [MESSAGE][WARNING] - Timeout '0' is invalid. Using default page load timeout: '30'

2019-01-17 13:15:31 - [MESSAGE][PASSED] - Object 'Object Repository/Page_Gemobile_Venda/Page VendaMenu_VendaBotao/ModalPagamento' is present

2019-01-17 13:15:31 - [TEST_STEP][PASSED] - click(findTestObject("Page_Gemobile_Venda/Page VendaMenu_VendaBotao/OpPag_Dinheiro")): Object: 'Object Repository/Page_Gemobile_Venda/Page VendaMenu_VendaBotao/OpPag_Dinheiro' is clicked on

2019-01-17 13:15:32 - [MESSAGE][PASSED] - Object: 'Object Repository/Page_Gemobile_Venda/Page VendaMenu_VendaBotao/OpPag_Dinheiro' is clicked on

2019-01-17 13:15:32 - [TEST_STEP][PASSED] - click(findTestObject("Page_Gemobile_Venda/Page VendaMenu_VendaBotao/Bt_AddPag")): Object: 'Object Repository/Page_Gemobile_Venda/Page VendaMenu_VendaBotao/Bt_AddPag' is clicked on

2019-01-17 13:15:32 - [MESSAGE][PASSED] - Object: 'Object Repository/Page_Gemobile_Venda/Page VendaMenu_VendaBotao/Bt_AddPag' is clicked on

2019-01-17 13:15:32 - [TEST_STEP][PASSED] - click(findTestObject("Page_Gemobile_Venda/Page VendaMenu_VendaBotao/Bt_SalvarPag")): Object: 'Object Repository/Page_Gemobile_Venda/Page VendaMenu_VendaBotao/Bt_SalvarPag' is clicked on

2019-01-17 13:15:32 - [MESSAGE][PASSED] - Object: 'Object Repository/Page_Gemobile_Venda/Page VendaMenu_VendaBotao/Bt_SalvarPag' is clicked on

2019-01-17 13:15:32 - [TEST_STEP][PASSED] - waitForAlert(1): No alert found after 1 second(s).

2019-01-17 13:15:33 - [MESSAGE][WARNING] - No alert found after 1 second(s).

2019-01-17 13:15:33 - [TEST_STEP][PASSED] - click(findTestObject("Page_Gemobile_Venda/Page VendaMenu_VendaBotao/Fechar_Alert"), STOP_ON_FAILURE): Object: 'Object Repository/Page_Gemobile_Venda/Page VendaMenu_VendaBotao/Fechar_Alert' is clicked on

2019-01-17 13:15:33 - [MESSAGE][PASSED] - Object: 'Object Repository/Page_Gemobile_Venda/Page VendaMenu_VendaBotao/Fechar_Alert' is clicked on

2019-01-17 13:15:33 - [TEST_STEP][PASSED] - setText(findTestObject("Page_Gemobile_TelaLogin/SetCampoLogin"), "proprietário.open"): Text 'proprietário.open' is set on object 'Object Repository/Page_Gemobile_TelaLogin/SetCampoLogin'

2019-01-17 13:15:34 - [MESSAGE][PASSED] - Text 'proprietário.open' is set on object 'Object Repository/Page_Gemobile_TelaLogin/SetCampoLogin'

2019-01-17 13:15:34 - [TEST_STEP][PASSED] - setText(findTestObject("Page_Gemobile_TelaLogin/SetCampoSenha"), "venus2018"): Text 'venus2018' is set on object 'Object Repository/Page_Gemobile_TelaLogin/SetCampoSenha'

2019-01-17 13:15:34 - [MESSAGE][PASSED] - Text 'venus2018' is set on object 'Object Repository/Page_Gemobile_TelaLogin/SetCampoSenha'

2019-01-17 13:15:34 - [TEST_STEP][PASSED] - click(findTestObject("Page_Gemobile_Venda/Page VendaMenu_VendaBotao/Bt_SalvarAuten")): Object: 'Object Repository/Page_Gemobile_Venda/Page VendaMenu_VendaBotao/Bt_SalvarAuten' is clicked on

2019-01-17 13:15:34 - [MESSAGE][PASSED] - Object: 'Object Repository/Page_Gemobile_Venda/Page VendaMenu_VendaBotao/Bt_SalvarAuten' is clicked on

2019-01-17 13:15:34 - [TEST_STEP][PASSED] - click(findTestObject("Page_Gemobile_Venda/Page VendaMenu_VendaBotao/Bt_SalvarPag")): Object: 'Object Repository/Page_Gemobile_Venda/Page VendaMenu_VendaBotao/Bt_SalvarPag' is clicked on

2019-01-17 13:15:35 - [MESSAGE][PASSED] - Object: 'Object Repository/Page_Gemobile_Venda/Page VendaMenu_VendaBotao/Bt_SalvarPag' is clicked on

2019-01-17 13:15:35 - [TEST_STEP][PASSED] - verifyElementPresent(findTestObject("Page_Gemobile_Venda/Page VendaMenu_VendaBotao/Alert_VendaInseridaComSucesso"), 0): Object 'Object Repository/Page_Gemobile_Venda/Page VendaMenu_VendaBotao/Alert_VendaInseridaComSucesso' is present

2019-01-17 13:15:35 - [MESSAGE][WARNING] - Timeout '0' is invalid. Using default page load timeout: '30'

2019-01-17 13:15:35 - [MESSAGE][PASSED] - Object 'Object Repository/Page_Gemobile_Venda/Page VendaMenu_VendaBotao/Alert_VendaInseridaComSucesso' is present]]></system-out>
         <system-err><![CDATA[]]></system-err>
      </testcase>
      <system-out><![CDATA[2019-01-17 13:13:38 - [TEST_SUITE][PASSED] - Casos de Teste Venda: Test Cases/Teste Venda/Teste_Venda_BotaoVenda]]></system-out>
      <system-err><![CDATA[]]></system-err>
   </testsuite>
</testsuites>
